{"/home/travis/build/npmtest/node-npmtest-copy/test.js":{"path":"/home/travis/build/npmtest/node-npmtest-copy/test.js","s":{"1":2,"2":2,"3":2,"4":2,"5":2,"6":2,"7":2,"8":1,"9":2,"10":2,"11":1,"12":1,"13":1,"14":1,"15":2,"16":2,"17":2,"18":2,"19":1,"20":1,"21":2,"22":2,"23":2,"24":1,"25":1,"26":1,"27":1,"28":1,"29":1,"30":1,"31":1,"32":1,"33":1,"34":1,"35":1,"36":1,"37":1,"38":1,"39":2,"40":2,"41":1,"42":2,"43":2,"44":1,"45":2,"46":2,"47":1,"48":2,"49":2,"50":1,"51":1,"52":1,"53":1,"54":1},"b":{"1":[2,1,1,1],"2":[1,1,1,1],"3":[1,1],"4":[1,1],"5":[1,1],"6":[1,1],"7":[1,1],"8":[1,1],"9":[1,1],"10":[1,1,1],"11":[1,1],"12":[1,1],"13":[1,1],"14":[1,1],"15":[1,1],"16":[1,1],"17":[1,1]},"f":{"1":2,"2":2,"3":2,"4":2,"5":2,"6":1,"7":1,"8":1,"9":2,"10":2,"11":2,"12":2,"13":1},"fnMap":{"1":{"name":"(anonymous_1)","line":12,"loc":{"start":{"line":12,"column":1},"end":{"line":12,"column":13}}},"2":{"name":"(anonymous_2)","line":19,"loc":{"start":{"line":19,"column":5},"end":{"line":19,"column":17}}},"3":{"name":"(anonymous_3)","line":23,"loc":{"start":{"line":23,"column":24},"end":{"line":23,"column":36}}},"4":{"name":"(anonymous_4)","line":61,"loc":{"start":{"line":61,"column":5},"end":{"line":61,"column":17}}},"5":{"name":"(anonymous_5)","line":82,"loc":{"start":{"line":82,"column":5},"end":{"line":82,"column":17}}},"6":{"name":"(anonymous_6)","line":91,"loc":{"start":{"line":91,"column":77},"end":{"line":94,"column":10}}},"7":{"name":"(anonymous_7)","line":112,"loc":{"start":{"line":112,"column":83},"end":{"line":115,"column":10}},"skip":true},"8":{"name":"(anonymous_8)","line":123,"loc":{"start":{"line":123,"column":77},"end":{"line":126,"column":10}},"skip":true},"9":{"name":"(anonymous_9)","line":139,"loc":{"start":{"line":139,"column":12},"end":{"line":139,"column":40}},"skip":true},"10":{"name":"(anonymous_10)","line":147,"loc":{"start":{"line":147,"column":77},"end":{"line":150,"column":10}},"skip":true},"11":{"name":"(anonymous_11)","line":158,"loc":{"start":{"line":158,"column":83},"end":{"line":161,"column":10}},"skip":true},"12":{"name":"(anonymous_12)","line":169,"loc":{"start":{"line":169,"column":79},"end":{"line":172,"column":10}},"skip":true},"13":{"name":"(anonymous_13)","line":180,"loc":{"start":{"line":180,"column":75},"end":{"line":183,"column":10}},"skip":true}},"statementMap":{"1":{"start":{"line":12,"column":0},"end":{"line":195,"column":5}},"2":{"start":{"line":14,"column":4},"end":{"line":14,"column":14}},"3":{"start":{"line":19,"column":4},"end":{"line":56,"column":9}},"4":{"start":{"line":21,"column":8},"end":{"line":21,"column":19}},"5":{"start":{"line":23,"column":8},"end":{"line":35,"column":13}},"6":{"start":{"line":24,"column":12},"end":{"line":34,"column":13}},"7":{"start":{"line":25,"column":16},"end":{"line":28,"column":30}},"8":{"start":{"line":30,"column":16},"end":{"line":33,"column":27}},"9":{"start":{"line":37,"column":8},"end":{"line":39,"column":21}},"10":{"start":{"line":40,"column":8},"end":{"line":53,"column":9}},"11":{"start":{"line":43,"column":12},"end":{"line":46,"column":14}},"12":{"start":{"line":47,"column":12},"end":{"line":47,"column":18}},"13":{"start":{"line":50,"column":12},"end":{"line":51,"column":33}},"14":{"start":{"line":52,"column":12},"end":{"line":52,"column":18}},"15":{"start":{"line":55,"column":8},"end":{"line":55,"column":35}},"16":{"start":{"line":61,"column":4},"end":{"line":63,"column":9}},"17":{"start":{"line":62,"column":8},"end":{"line":62,"column":15}},"18":{"start":{"line":64,"column":4},"end":{"line":77,"column":5}},"19":{"start":{"line":70,"column":8},"end":{"line":70,"column":14}},"20":{"start":{"line":76,"column":8},"end":{"line":76,"column":14}},"21":{"start":{"line":82,"column":4},"end":{"line":84,"column":9}},"22":{"start":{"line":83,"column":8},"end":{"line":83,"column":15}},"23":{"start":{"line":85,"column":4},"end":{"line":194,"column":5}},"24":{"start":{"line":91,"column":8},"end":{"line":99,"column":10}},"25":{"start":{"line":98,"column":12},"end":{"line":98,"column":35}},"26":{"start":{"line":102,"column":8},"end":{"line":104,"column":63}},"27":{"start":{"line":105,"column":8},"end":{"line":105,"column":14}},"28":{"start":{"line":112,"column":8},"end":{"line":121,"column":10},"skip":true},"29":{"start":{"line":119,"column":12},"end":{"line":119,"column":55},"skip":true},"30":{"start":{"line":120,"column":12},"end":{"line":120,"column":48},"skip":true},"31":{"start":{"line":123,"column":8},"end":{"line":136,"column":10},"skip":true},"32":{"start":{"line":130,"column":12},"end":{"line":130,"column":76},"skip":true},"33":{"start":{"line":131,"column":12},"end":{"line":131,"column":73},"skip":true},"34":{"start":{"line":132,"column":12},"end":{"line":132,"column":74},"skip":true},"35":{"start":{"line":133,"column":12},"end":{"line":133,"column":79},"skip":true},"36":{"start":{"line":134,"column":12},"end":{"line":134,"column":25},"skip":true},"37":{"start":{"line":135,"column":12},"end":{"line":135,"column":45},"skip":true},"38":{"start":{"line":138,"column":8},"end":{"line":145,"column":14},"skip":true},"39":{"start":{"line":143,"column":16},"end":{"line":143,"column":29},"skip":true},"40":{"start":{"line":144,"column":16},"end":{"line":144,"column":55},"skip":true},"41":{"start":{"line":147,"column":8},"end":{"line":156,"column":10},"skip":true},"42":{"start":{"line":154,"column":12},"end":{"line":154,"column":25},"skip":true},"43":{"start":{"line":155,"column":12},"end":{"line":155,"column":45},"skip":true},"44":{"start":{"line":158,"column":8},"end":{"line":167,"column":10},"skip":true},"45":{"start":{"line":165,"column":12},"end":{"line":165,"column":25},"skip":true},"46":{"start":{"line":166,"column":12},"end":{"line":166,"column":48},"skip":true},"47":{"start":{"line":169,"column":8},"end":{"line":178,"column":10},"skip":true},"48":{"start":{"line":176,"column":12},"end":{"line":176,"column":25},"skip":true},"49":{"start":{"line":177,"column":12},"end":{"line":177,"column":46},"skip":true},"50":{"start":{"line":180,"column":8},"end":{"line":189,"column":10},"skip":true},"51":{"start":{"line":187,"column":12},"end":{"line":187,"column":94},"skip":true},"52":{"start":{"line":188,"column":12},"end":{"line":188,"column":48},"skip":true},"53":{"start":{"line":192,"column":8},"end":{"line":192,"column":35},"skip":true},"54":{"start":{"line":193,"column":8},"end":{"line":193,"column":14},"skip":true}},"branchMap":{"1":{"line":25,"type":"binary-expr","locations":[{"start":{"line":25,"column":23},"end":{"line":25,"column":62}},{"start":{"line":26,"column":20},"end":{"line":26,"column":70}},{"start":{"line":27,"column":20},"end":{"line":27,"column":71}},{"start":{"line":28,"column":20},"end":{"line":28,"column":29}}]},"2":{"line":30,"type":"binary-expr","locations":[{"start":{"line":30,"column":23},"end":{"line":30,"column":37}},{"start":{"line":31,"column":20},"end":{"line":31,"column":61}},{"start":{"line":32,"column":20},"end":{"line":32,"column":70}},{"start":{"line":33,"column":20},"end":{"line":33,"column":26}}]},"3":{"line":37,"type":"cond-expr","locations":[{"start":{"line":38,"column":14},"end":{"line":38,"column":20}},{"start":{"line":39,"column":14},"end":{"line":39,"column":20}}]},"4":{"line":40,"type":"switch","locations":[{"start":{"line":42,"column":8},"end":{"line":47,"column":18}},{"start":{"line":49,"column":8},"end":{"line":52,"column":18}}]},"5":{"line":44,"type":"binary-expr","locations":[{"start":{"line":44,"column":16},"end":{"line":44,"column":44}},{"start":{"line":44,"column":48},"end":{"line":44,"column":66}}]},"6":{"line":50,"type":"binary-expr","locations":[{"start":{"line":50,"column":21},"end":{"line":50,"column":49}},{"start":{"line":50,"column":53},"end":{"line":50,"column":72}}]},"7":{"line":64,"type":"switch","locations":[{"start":{"line":69,"column":4},"end":{"line":70,"column":14}},{"start":{"line":75,"column":4},"end":{"line":76,"column":14}}]},"8":{"line":85,"type":"switch","locations":[{"start":{"line":90,"column":4},"end":{"line":105,"column":14}},{"start":{"line":111,"column":4},"end":{"line":193,"column":14},"skip":true}]},"9":{"line":91,"type":"binary-expr","locations":[{"start":{"line":91,"column":42},"end":{"line":91,"column":73}},{"start":{"line":91,"column":77},"end":{"line":99,"column":9}}]},"10":{"line":102,"type":"binary-expr","locations":[{"start":{"line":102,"column":18},"end":{"line":102,"column":32}},{"start":{"line":103,"column":12},"end":{"line":103,"column":53}},{"start":{"line":104,"column":12},"end":{"line":104,"column":61}}]},"11":{"line":112,"type":"binary-expr","locations":[{"start":{"line":112,"column":45},"end":{"line":112,"column":79},"skip":true},{"start":{"line":112,"column":83},"end":{"line":121,"column":9},"skip":true}]},"12":{"line":123,"type":"binary-expr","locations":[{"start":{"line":123,"column":42},"end":{"line":123,"column":73},"skip":true},{"start":{"line":123,"column":77},"end":{"line":136,"column":9},"skip":true}]},"13":{"line":138,"type":"binary-expr","locations":[{"start":{"line":138,"column":48},"end":{"line":138,"column":85},"skip":true},{"start":{"line":139,"column":12},"end":{"line":145,"column":13},"skip":true}]},"14":{"line":147,"type":"binary-expr","locations":[{"start":{"line":147,"column":42},"end":{"line":147,"column":73},"skip":true},{"start":{"line":147,"column":77},"end":{"line":156,"column":9},"skip":true}]},"15":{"line":158,"type":"binary-expr","locations":[{"start":{"line":158,"column":45},"end":{"line":158,"column":79},"skip":true},{"start":{"line":158,"column":83},"end":{"line":167,"column":9},"skip":true}]},"16":{"line":169,"type":"binary-expr","locations":[{"start":{"line":169,"column":43},"end":{"line":169,"column":75},"skip":true},{"start":{"line":169,"column":79},"end":{"line":178,"column":9},"skip":true}]},"17":{"line":180,"type":"binary-expr","locations":[{"start":{"line":180,"column":41},"end":{"line":180,"column":71},"skip":true},{"start":{"line":180,"column":75},"end":{"line":189,"column":9},"skip":true}]}},"code":["/* istanbul instrument in package npmtest_copy */","/*jslint","    bitwise: true,","    browser: true,","    maxerr: 8,","    maxlen: 96,","    node: true,","    nomen: true,","    regexp: true,","    stupid: true","*/","(function () {","    'use strict';","    var local;","","","","    // run shared js-env code - init-before","    (function () {","        // init local","        local = {};","        // init modeJs","        local.modeJs = (function () {","            try {","                return typeof navigator.userAgent === 'string' &&","                    typeof document.querySelector('body') === 'object' &&","                    typeof XMLHttpRequest.prototype.open === 'function' &&","                    'browser';","            } catch (errorCaughtBrowser) {","                return module.exports &&","                    typeof process.versions.node === 'string' &&","                    typeof require('http').createServer === 'function' &&","                    'node';","            }","        }());","        // init global","        local.global = local.modeJs === 'browser'","            ? window","            : global;","        switch (local.modeJs) {","        // re-init local from window.local","        case 'browser':","            local = local.global.utility2.objectSetDefault(","                local.global.utility2_rollup || local.global.local,","                local.global.utility2","            );","            break;","        // re-init local from example.js","        case 'node':","            local = (local.global.utility2_rollup || require('utility2'))","                .requireReadme();","            break;","        }","        // export local","        local.global.local = local;","    }());","","","","    // run shared js-env code - function","    (function () {","        return;","    }());","    switch (local.modeJs) {","","","","    // run browser js-env code - function","    case 'browser':","        break;","","","","    // run node js-env code - function","    case 'node':","        break;","    }","","","","    // run shared js-env code - init-after","    (function () {","        return;","    }());","    switch (local.modeJs) {","","","","    // run browser js-env code - init-after","    case 'browser':","        local.testCase_browser_nullCase = local.testCase_browser_nullCase || function (","            options,","            onError","        ) {","        /*","         * this function will test browsers's null-case handling-behavior-behavior","         */","            onError(null, options);","        };","","        // run tests","        local.nop(local.modeTest &&","            document.querySelector('#testRunButton1') &&","            document.querySelector('#testRunButton1').click());","        break;","","","","    // run node js-env code - init-after","    /* istanbul ignore next */","    case 'node':","        local.testCase_buildApidoc_default = local.testCase_buildApidoc_default || function (","            options,","            onError","        ) {","        /*","         * this function will test buildApidoc's default handling-behavior-behavior","         */","            options = { modulePathList: module.paths };","            local.buildApidoc(options, onError);","        };","","        local.testCase_buildApp_default = local.testCase_buildApp_default || function (","            options,","            onError","        ) {","        /*","         * this function will test buildApp's default handling-behavior-behavior","         */","            local.testCase_buildReadme_default(options, local.onErrorThrow);","            local.testCase_buildLib_default(options, local.onErrorThrow);","            local.testCase_buildTest_default(options, local.onErrorThrow);","            local.testCase_buildCustomOrg_default(options, local.onErrorThrow);","            options = [];","            local.buildApp(options, onError);","        };","","        local.testCase_buildCustomOrg_default = local.testCase_buildCustomOrg_default ||","            function (options, onError) {","            /*","             * this function will test buildCustomOrg's default handling-behavior","             */","                options = {};","                local.buildCustomOrg(options, onError);","            };","","        local.testCase_buildLib_default = local.testCase_buildLib_default || function (","            options,","            onError","        ) {","        /*","         * this function will test buildLib's default handling-behavior","         */","            options = {};","            local.buildLib(options, onError);","        };","","        local.testCase_buildReadme_default = local.testCase_buildReadme_default || function (","            options,","            onError","        ) {","        /*","         * this function will test buildReadme's default handling-behavior-behavior","         */","            options = {};","            local.buildReadme(options, onError);","        };","","        local.testCase_buildTest_default = local.testCase_buildTest_default || function (","            options,","            onError","        ) {","        /*","         * this function will test buildTest's default handling-behavior","         */","            options = {};","            local.buildTest(options, onError);","        };","","        local.testCase_webpage_default = local.testCase_webpage_default || function (","            options,","            onError","        ) {","        /*","         * this function will test webpage's default handling-behavior","         */","            options = { modeCoverageMerge: true, url: local.serverLocalHost + '?modeTest=1' };","            local.browserTest(options, onError);","        };","","        // run test-server","        local.testRunServer(local);","        break;","    }","}());",""],"l":{"12":2,"14":2,"19":2,"21":2,"23":2,"24":2,"25":2,"30":1,"37":2,"40":2,"43":1,"47":1,"50":1,"52":1,"55":2,"61":2,"62":2,"64":2,"70":1,"76":1,"82":2,"83":2,"85":2,"91":1,"98":1,"102":1,"105":1,"112":1,"119":1,"120":1,"123":1,"130":1,"131":1,"132":1,"133":1,"134":1,"135":1,"138":1,"143":2,"144":2,"147":1,"154":2,"155":2,"158":1,"165":2,"166":2,"169":1,"176":2,"177":2,"180":1,"187":1,"188":1,"192":1,"193":1}},"/home/travis/build/npmtest/node-npmtest-copy/lib.npmtest_copy.js":{"path":"/home/travis/build/npmtest/node-npmtest-copy/lib.npmtest_copy.js","s":{"1":2,"2":2,"3":2,"4":2,"5":2,"6":2,"7":2,"8":1,"9":2,"10":2,"11":2,"12":2,"13":1,"14":1,"15":1,"16":1},"b":{"1":[2,1,1,1],"2":[1,1,1,1],"3":[1,1],"4":[2,2],"5":[1,1]},"f":{"1":2,"2":2,"3":2},"fnMap":{"1":{"name":"(anonymous_1)","line":12,"loc":{"start":{"line":12,"column":1},"end":{"line":12,"column":13}}},"2":{"name":"(anonymous_2)","line":19,"loc":{"start":{"line":19,"column":5},"end":{"line":19,"column":17}}},"3":{"name":"(anonymous_3)","line":23,"loc":{"start":{"line":23,"column":24},"end":{"line":23,"column":36}}}},"statementMap":{"1":{"start":{"line":12,"column":0},"end":{"line":53,"column":5}},"2":{"start":{"line":14,"column":4},"end":{"line":14,"column":14}},"3":{"start":{"line":19,"column":4},"end":{"line":52,"column":9}},"4":{"start":{"line":21,"column":8},"end":{"line":21,"column":19}},"5":{"start":{"line":23,"column":8},"end":{"line":35,"column":13}},"6":{"start":{"line":24,"column":12},"end":{"line":34,"column":13}},"7":{"start":{"line":25,"column":16},"end":{"line":28,"column":30}},"8":{"start":{"line":30,"column":16},"end":{"line":33,"column":27}},"9":{"start":{"line":37,"column":8},"end":{"line":39,"column":21}},"10":{"start":{"line":41,"column":8},"end":{"line":41,"column":54}},"11":{"start":{"line":43,"column":8},"end":{"line":43,"column":49}},"12":{"start":{"line":45,"column":8},"end":{"line":51,"column":9}},"13":{"start":{"line":46,"column":12},"end":{"line":46,"column":55}},"14":{"start":{"line":48,"column":12},"end":{"line":48,"column":35}},"15":{"start":{"line":49,"column":12},"end":{"line":49,"column":49}},"16":{"start":{"line":50,"column":12},"end":{"line":50,"column":43}}},"branchMap":{"1":{"line":25,"type":"binary-expr","locations":[{"start":{"line":25,"column":23},"end":{"line":25,"column":62}},{"start":{"line":26,"column":20},"end":{"line":26,"column":70}},{"start":{"line":27,"column":20},"end":{"line":27,"column":71}},{"start":{"line":28,"column":20},"end":{"line":28,"column":29}}]},"2":{"line":30,"type":"binary-expr","locations":[{"start":{"line":30,"column":23},"end":{"line":30,"column":37}},{"start":{"line":31,"column":20},"end":{"line":31,"column":61}},{"start":{"line":32,"column":20},"end":{"line":32,"column":70}},{"start":{"line":33,"column":20},"end":{"line":33,"column":26}}]},"3":{"line":37,"type":"cond-expr","locations":[{"start":{"line":38,"column":14},"end":{"line":38,"column":20}},{"start":{"line":39,"column":14},"end":{"line":39,"column":20}}]},"4":{"line":41,"type":"binary-expr","locations":[{"start":{"line":41,"column":16},"end":{"line":41,"column":44}},{"start":{"line":41,"column":48},"end":{"line":41,"column":53}}]},"5":{"line":45,"type":"if","locations":[{"start":{"line":45,"column":8},"end":{"line":45,"column":8}},{"start":{"line":45,"column":8},"end":{"line":45,"column":8}}]}},"code":["/* istanbul instrument in package npmtest_copy */","/*jslint","    bitwise: true,","    browser: true,","    maxerr: 8,","    maxlen: 96,","    node: true,","    nomen: true,","    regexp: true,","    stupid: true","*/","(function () {","    'use strict';","    var local;","","","","    // run shared js-env code - init-before","    (function () {","        // init local","        local = {};","        // init modeJs","        local.modeJs = (function () {","            try {","                return typeof navigator.userAgent === 'string' &&","                    typeof document.querySelector('body') === 'object' &&","                    typeof XMLHttpRequest.prototype.open === 'function' &&","                    'browser';","            } catch (errorCaughtBrowser) {","                return module.exports &&","                    typeof process.versions.node === 'string' &&","                    typeof require('http').createServer === 'function' &&","                    'node';","            }","        }());","        // init global","        local.global = local.modeJs === 'browser'","            ? window","            : global;","        // init utility2_rollup","        local = local.global.utility2_rollup || local;","        // init lib","        local.local = local.npmtest_copy = local;","        // init exports","        if (local.modeJs === 'browser') {","            local.global.utility2_npmtest_copy = local;","        } else {","            module.exports = local;","            module.exports.__dirname = __dirname;","            module.exports.module = module;","        }","    }());","}());",""],"l":{"12":2,"14":2,"19":2,"21":2,"23":2,"24":2,"25":2,"30":1,"37":2,"41":2,"43":2,"45":2,"46":1,"48":1,"49":1,"50":1}},"/home/travis/build/npmtest/node-npmtest-copy/example.js":{"path":"/home/travis/build/npmtest/node-npmtest-copy/example.js","s":{"1":2,"2":2,"3":2,"4":2,"5":2,"6":2,"7":2,"8":1,"9":2,"10":2,"11":2,"12":2,"13":1,"14":2,"15":2,"16":2,"17":2,"18":2,"19":0,"20":2,"21":1,"22":1,"23":1,"24":1,"25":1,"26":0,"27":0,"28":1,"29":1,"30":2,"31":0,"32":0,"33":0,"34":1,"35":2,"36":2,"37":3,"38":3,"39":3,"40":3,"41":0,"42":3,"43":3,"44":3,"45":1,"46":3,"47":1,"48":1,"49":1,"50":1,"51":1,"52":1,"53":1,"54":1,"55":1,"56":1,"57":0,"58":1,"59":6,"60":6,"61":1,"62":2,"63":0,"64":2,"65":1,"66":1,"67":0,"68":0,"69":0,"70":0,"71":0,"72":0,"73":0,"74":0,"75":0,"76":0,"77":0,"78":0,"79":0,"80":0,"81":0,"82":0,"83":0},"b":{"1":[2,1,1,1],"2":[1,1,1,1],"3":[1,1],"4":[2,2],"5":[1,1],"6":[1,1],"7":[2,0],"8":[2,1,1,1,1,1],"9":[0,2,0],"10":[1,1],"11":[2,1,1],"12":[1,0],"13":[0,2],"14":[2,0,0,0,0,0,0],"15":[0,3],"16":[3,0],"17":[1,1],"18":[0,1],"19":[1,2,0,2],"20":[1,0],"21":[1,1],"22":[0,0],"23":[0,0],"24":[0,0],"25":[0,0],"26":[0,0],"27":[0,0],"28":[0,0]},"f":{"1":2,"2":2,"3":2,"4":2,"5":2,"6":2,"7":3,"8":3,"9":3,"10":1,"11":6,"12":0},"fnMap":{"1":{"name":"(anonymous_1)","line":26,"loc":{"start":{"line":26,"column":1},"end":{"line":26,"column":13}}},"2":{"name":"(anonymous_2)","line":33,"loc":{"start":{"line":33,"column":5},"end":{"line":33,"column":17}}},"3":{"name":"(anonymous_3)","line":37,"loc":{"start":{"line":37,"column":24},"end":{"line":37,"column":36}}},"4":{"name":"(anonymous_4)","line":69,"loc":{"start":{"line":69,"column":31},"end":{"line":69,"column":48}},"skip":true},"5":{"name":"(anonymous_5)","line":78,"loc":{"start":{"line":78,"column":26},"end":{"line":78,"column":45}},"skip":true},"6":{"name":"(anonymous_6)","line":123,"loc":{"start":{"line":123,"column":33},"end":{"line":123,"column":48}},"skip":true},"7":{"name":"(anonymous_7)","line":125,"loc":{"start":{"line":125,"column":27},"end":{"line":125,"column":39}},"skip":true},"8":{"name":"(anonymous_8)","line":133,"loc":{"start":{"line":133,"column":59},"end":{"line":133,"column":74}},"skip":true},"9":{"name":"(anonymous_9)","line":143,"loc":{"start":{"line":143,"column":45},"end":{"line":143,"column":62}},"skip":true},"10":{"name":"(anonymous_10)","line":144,"loc":{"start":{"line":144,"column":73},"end":{"line":144,"column":92}},"skip":true},"11":{"name":"(anonymous_11)","line":272,"loc":{"start":{"line":272,"column":51},"end":{"line":272,"column":77}},"skip":true},"12":{"name":"(anonymous_12)","line":315,"loc":{"start":{"line":315,"column":32},"end":{"line":315,"column":61}},"skip":true}},"statementMap":{"1":{"start":{"line":26,"column":0},"end":{"line":326,"column":5}},"2":{"start":{"line":28,"column":4},"end":{"line":28,"column":14}},"3":{"start":{"line":33,"column":4},"end":{"line":60,"column":9}},"4":{"start":{"line":35,"column":8},"end":{"line":35,"column":19}},"5":{"start":{"line":37,"column":8},"end":{"line":49,"column":13}},"6":{"start":{"line":38,"column":12},"end":{"line":48,"column":13}},"7":{"start":{"line":39,"column":16},"end":{"line":42,"column":30}},"8":{"start":{"line":44,"column":16},"end":{"line":47,"column":27}},"9":{"start":{"line":51,"column":8},"end":{"line":53,"column":21}},"10":{"start":{"line":55,"column":8},"end":{"line":57,"column":45}},"11":{"start":{"line":59,"column":8},"end":{"line":59,"column":35}},"12":{"start":{"line":61,"column":4},"end":{"line":325,"column":5}},"13":{"start":{"line":69,"column":8},"end":{"line":121,"column":10},"skip":true},"14":{"start":{"line":70,"column":12},"end":{"line":88,"column":13},"skip":true},"15":{"start":{"line":76,"column":16},"end":{"line":87,"column":19},"skip":true},"16":{"start":{"line":79,"column":20},"end":{"line":86,"column":21},"skip":true},"17":{"start":{"line":82,"column":24},"end":{"line":82,"column":43},"skip":true},"18":{"start":{"line":83,"column":24},"end":{"line":83,"column":30},"skip":true},"19":{"start":{"line":85,"column":24},"end":{"line":85,"column":49},"skip":true},"20":{"start":{"line":89,"column":12},"end":{"line":107,"column":13},"skip":true},"21":{"start":{"line":92,"column":16},"end":{"line":102,"column":17},"skip":true},"22":{"start":{"line":93,"column":20},"end":{"line":93,"column":86},"skip":true},"23":{"start":{"line":94,"column":20},"end":{"line":95,"column":45},"skip":true},"24":{"start":{"line":96,"column":20},"end":{"line":96,"column":42},"skip":true},"25":{"start":{"line":97,"column":20},"end":{"line":97,"column":48},"skip":true},"26":{"start":{"line":100,"column":20},"end":{"line":100,"column":85},"skip":true},"27":{"start":{"line":101,"column":20},"end":{"line":101,"column":96},"skip":true},"28":{"start":{"line":103,"column":16},"end":{"line":103,"column":22},"skip":true},"29":{"start":{"line":106,"column":16},"end":{"line":106,"column":22},"skip":true},"30":{"start":{"line":108,"column":12},"end":{"line":120,"column":13},"skip":true},"31":{"start":{"line":114,"column":16},"end":{"line":119,"column":17},"skip":true},"32":{"start":{"line":116,"column":20},"end":{"line":116,"column":78},"skip":true},"33":{"start":{"line":118,"column":20},"end":{"line":118,"column":47},"skip":true},"34":{"start":{"line":123,"column":8},"end":{"line":141,"column":11},"skip":true},"35":{"start":{"line":124,"column":12},"end":{"line":124,"column":54},"skip":true},"36":{"start":{"line":125,"column":12},"end":{"line":140,"column":14},"skip":true},"37":{"start":{"line":126,"column":16},"end":{"line":126,"column":28},"skip":true},"38":{"start":{"line":127,"column":16},"end":{"line":127,"column":69},"skip":true},"39":{"start":{"line":128,"column":16},"end":{"line":128,"column":75},"skip":true},"40":{"start":{"line":129,"column":16},"end":{"line":131,"column":17},"skip":true},"41":{"start":{"line":130,"column":20},"end":{"line":130,"column":27},"skip":true},"42":{"start":{"line":133,"column":16},"end":{"line":137,"column":36},"skip":true},"43":{"start":{"line":134,"column":20},"end":{"line":136,"column":55},"skip":true},"44":{"start":{"line":139,"column":16},"end":{"line":139,"column":57},"skip":true},"45":{"start":{"line":143,"column":8},"end":{"line":147,"column":11},"skip":true},"46":{"start":{"line":144,"column":12},"end":{"line":146,"column":15},"skip":true},"47":{"start":{"line":145,"column":16},"end":{"line":145,"column":70},"skip":true},"48":{"start":{"line":149,"column":8},"end":{"line":149,"column":31},"skip":true},"49":{"start":{"line":150,"column":8},"end":{"line":150,"column":14},"skip":true},"50":{"start":{"line":158,"column":8},"end":{"line":158,"column":31},"skip":true},"51":{"start":{"line":160,"column":8},"end":{"line":160,"column":33},"skip":true},"52":{"start":{"line":161,"column":8},"end":{"line":161,"column":37},"skip":true},"53":{"start":{"line":162,"column":8},"end":{"line":162,"column":35},"skip":true},"54":{"start":{"line":164,"column":8},"end":{"line":164,"column":50},"skip":true},"55":{"start":{"line":166,"column":8},"end":{"line":256,"column":2},"skip":true},"56":{"start":{"line":258,"column":8},"end":{"line":286,"column":9},"skip":true},"57":{"start":{"line":259,"column":12},"end":{"line":269,"column":14},"skip":true},"58":{"start":{"line":271,"column":12},"end":{"line":285,"column":19},"skip":true},"59":{"start":{"line":274,"column":20},"end":{"line":274,"column":35},"skip":true},"60":{"start":{"line":275,"column":20},"end":{"line":284,"column":21},"skip":true},"61":{"start":{"line":277,"column":24},"end":{"line":277,"column":64},"skip":true},"62":{"start":{"line":279,"column":24},"end":{"line":279,"column":40},"skip":true},"63":{"start":{"line":281,"column":24},"end":{"line":281,"column":40},"skip":true},"64":{"start":{"line":283,"column":24},"end":{"line":283,"column":39},"skip":true},"65":{"start":{"line":288,"column":8},"end":{"line":290,"column":9},"skip":true},"66":{"start":{"line":289,"column":12},"end":{"line":289,"column":18},"skip":true},"67":{"start":{"line":291,"column":8},"end":{"line":293,"column":54},"skip":true},"68":{"start":{"line":296,"column":8},"end":{"line":301,"column":37},"skip":true},"69":{"start":{"line":303,"column":8},"end":{"line":303,"column":82},"skip":true},"70":{"start":{"line":306,"column":8},"end":{"line":308,"column":9},"skip":true},"71":{"start":{"line":307,"column":12},"end":{"line":307,"column":82},"skip":true},"72":{"start":{"line":310,"column":8},"end":{"line":312,"column":9},"skip":true},"73":{"start":{"line":311,"column":12},"end":{"line":311,"column":18},"skip":true},"74":{"start":{"line":313,"column":8},"end":{"line":313,"column":54},"skip":true},"75":{"start":{"line":314,"column":8},"end":{"line":314,"column":69},"skip":true},"76":{"start":{"line":315,"column":8},"end":{"line":323,"column":36},"skip":true},"77":{"start":{"line":316,"column":12},"end":{"line":316,"column":61},"skip":true},"78":{"start":{"line":317,"column":12},"end":{"line":320,"column":13},"skip":true},"79":{"start":{"line":318,"column":16},"end":{"line":318,"column":75},"skip":true},"80":{"start":{"line":319,"column":16},"end":{"line":319,"column":23},"skip":true},"81":{"start":{"line":321,"column":12},"end":{"line":321,"column":38},"skip":true},"82":{"start":{"line":322,"column":12},"end":{"line":322,"column":27},"skip":true},"83":{"start":{"line":324,"column":8},"end":{"line":324,"column":14},"skip":true}},"branchMap":{"1":{"line":39,"type":"binary-expr","locations":[{"start":{"line":39,"column":23},"end":{"line":39,"column":62}},{"start":{"line":40,"column":20},"end":{"line":40,"column":70}},{"start":{"line":41,"column":20},"end":{"line":41,"column":71}},{"start":{"line":42,"column":20},"end":{"line":42,"column":29}}]},"2":{"line":44,"type":"binary-expr","locations":[{"start":{"line":44,"column":23},"end":{"line":44,"column":37}},{"start":{"line":45,"column":20},"end":{"line":45,"column":61}},{"start":{"line":46,"column":20},"end":{"line":46,"column":70}},{"start":{"line":47,"column":20},"end":{"line":47,"column":26}}]},"3":{"line":51,"type":"cond-expr","locations":[{"start":{"line":52,"column":14},"end":{"line":52,"column":20}},{"start":{"line":53,"column":14},"end":{"line":53,"column":20}}]},"4":{"line":55,"type":"binary-expr","locations":[{"start":{"line":55,"column":16},"end":{"line":55,"column":44}},{"start":{"line":55,"column":49},"end":{"line":57,"column":43}}]},"5":{"line":55,"type":"cond-expr","locations":[{"start":{"line":56,"column":14},"end":{"line":56,"column":48}},{"start":{"line":57,"column":14},"end":{"line":57,"column":43}}]},"6":{"line":61,"type":"switch","locations":[{"start":{"line":68,"column":4},"end":{"line":150,"column":14},"skip":true},{"start":{"line":156,"column":4},"end":{"line":324,"column":14},"skip":true}]},"7":{"line":70,"type":"if","locations":[{"start":{"line":70,"column":12},"end":{"line":70,"column":12},"skip":true},{"start":{"line":70,"column":12},"end":{"line":70,"column":12},"skip":true}]},"8":{"line":70,"type":"binary-expr","locations":[{"start":{"line":70,"column":16},"end":{"line":70,"column":22},"skip":true},{"start":{"line":70,"column":27},"end":{"line":70,"column":32},"skip":true},{"start":{"line":71,"column":20},"end":{"line":71,"column":39},"skip":true},{"start":{"line":72,"column":20},"end":{"line":72,"column":49},"skip":true},{"start":{"line":73,"column":20},"end":{"line":73,"column":58},"skip":true},{"start":{"line":74,"column":20},"end":{"line":74,"column":69},"skip":true}]},"9":{"line":79,"type":"switch","locations":[{"start":{"line":80,"column":20},"end":{"line":80,"column":33},"skip":true},{"start":{"line":81,"column":20},"end":{"line":83,"column":30},"skip":true},{"start":{"line":84,"column":20},"end":{"line":85,"column":49},"skip":true}]},"10":{"line":89,"type":"switch","locations":[{"start":{"line":90,"column":12},"end":{"line":103,"column":22},"skip":true},{"start":{"line":105,"column":12},"end":{"line":106,"column":22},"skip":true}]},"11":{"line":89,"type":"binary-expr","locations":[{"start":{"line":89,"column":20},"end":{"line":89,"column":25},"skip":true},{"start":{"line":89,"column":29},"end":{"line":89,"column":48},"skip":true},{"start":{"line":89,"column":52},"end":{"line":89,"column":74},"skip":true}]},"12":{"line":92,"type":"if","locations":[{"start":{"line":92,"column":16},"end":{"line":92,"column":16},"skip":true},{"start":{"line":92,"column":16},"end":{"line":92,"column":16},"skip":true}]},"13":{"line":108,"type":"if","locations":[{"start":{"line":108,"column":12},"end":{"line":108,"column":12},"skip":true},{"start":{"line":108,"column":12},"end":{"line":108,"column":12},"skip":true}]},"14":{"line":108,"type":"binary-expr","locations":[{"start":{"line":108,"column":16},"end":{"line":108,"column":61},"skip":true},{"start":{"line":108,"column":66},"end":{"line":108,"column":72},"skip":true},{"start":{"line":108,"column":77},"end":{"line":108,"column":82},"skip":true},{"start":{"line":109,"column":20},"end":{"line":109,"column":39},"skip":true},{"start":{"line":110,"column":20},"end":{"line":110,"column":49},"skip":true},{"start":{"line":111,"column":20},"end":{"line":111,"column":58},"skip":true},{"start":{"line":112,"column":20},"end":{"line":112,"column":68},"skip":true}]},"15":{"line":129,"type":"if","locations":[{"start":{"line":129,"column":16},"end":{"line":129,"column":16},"skip":true},{"start":{"line":129,"column":16},"end":{"line":129,"column":16},"skip":true}]},"16":{"line":134,"type":"cond-expr","locations":[{"start":{"line":135,"column":26},"end":{"line":135,"column":29},"skip":true},{"start":{"line":136,"column":26},"end":{"line":136,"column":54},"skip":true}]},"17":{"line":164,"type":"binary-expr","locations":[{"start":{"line":164,"column":27},"end":{"line":164,"column":43},"skip":true},{"start":{"line":164,"column":47},"end":{"line":164,"column":49},"skip":true}]},"18":{"line":258,"type":"if","locations":[{"start":{"line":258,"column":8},"end":{"line":258,"column":8},"skip":true},{"start":{"line":258,"column":8},"end":{"line":258,"column":8},"skip":true}]},"19":{"line":275,"type":"switch","locations":[{"start":{"line":276,"column":20},"end":{"line":277,"column":64},"skip":true},{"start":{"line":278,"column":20},"end":{"line":279,"column":40},"skip":true},{"start":{"line":280,"column":20},"end":{"line":281,"column":40},"skip":true},{"start":{"line":282,"column":20},"end":{"line":283,"column":39},"skip":true}]},"20":{"line":288,"type":"if","locations":[{"start":{"line":288,"column":8},"end":{"line":288,"column":8},"skip":true},{"start":{"line":288,"column":8},"end":{"line":288,"column":8},"skip":true}]},"21":{"line":288,"type":"binary-expr","locations":[{"start":{"line":288,"column":12},"end":{"line":288,"column":40},"skip":true},{"start":{"line":288,"column":44},"end":{"line":288,"column":67},"skip":true}]},"22":{"line":292,"type":"binary-expr","locations":[{"start":{"line":292,"column":12},"end":{"line":292,"column":50},"skip":true},{"start":{"line":293,"column":12},"end":{"line":293,"column":53},"skip":true}]},"23":{"line":297,"type":"binary-expr","locations":[{"start":{"line":297,"column":12},"end":{"line":297,"column":62},"skip":true},{"start":{"line":298,"column":12},"end":{"line":301,"column":36},"skip":true}]},"24":{"line":303,"type":"binary-expr","locations":[{"start":{"line":303,"column":43},"end":{"line":303,"column":75},"skip":true},{"start":{"line":303,"column":79},"end":{"line":303,"column":81},"skip":true}]},"25":{"line":306,"type":"if","locations":[{"start":{"line":306,"column":8},"end":{"line":306,"column":8},"skip":true},{"start":{"line":306,"column":8},"end":{"line":306,"column":8},"skip":true}]},"26":{"line":310,"type":"if","locations":[{"start":{"line":310,"column":8},"end":{"line":310,"column":8},"skip":true},{"start":{"line":310,"column":8},"end":{"line":310,"column":8},"skip":true}]},"27":{"line":313,"type":"binary-expr","locations":[{"start":{"line":313,"column":27},"end":{"line":313,"column":43},"skip":true},{"start":{"line":313,"column":47},"end":{"line":313,"column":53},"skip":true}]},"28":{"line":317,"type":"if","locations":[{"start":{"line":317,"column":12},"end":{"line":317,"column":12},"skip":true},{"start":{"line":317,"column":12},"end":{"line":317,"column":12},"skip":true}]}},"code":["/*","example.js","","quickstart example","","instruction","    1. save this script as example.js","    2. run the shell command:","        $ npm install npmtest-copy && PORT=8081 node example.js","    3. play with the browser-demo on http://127.0.0.1:8081","*/","","","","/* istanbul instrument in package npmtest_copy */","/*jslint","    bitwise: true,","    browser: true,","    maxerr: 8,","    maxlen: 96,","    node: true,","    nomen: true,","    regexp: true,","    stupid: true","*/","(function () {","    'use strict';","    var local;","","","","    // run shared js-env code - init-before","    (function () {","        // init local","        local = {};","        // init modeJs","        local.modeJs = (function () {","            try {","                return typeof navigator.userAgent === 'string' &&","                    typeof document.querySelector('body') === 'object' &&","                    typeof XMLHttpRequest.prototype.open === 'function' &&","                    'browser';","            } catch (errorCaughtBrowser) {","                return module.exports &&","                    typeof process.versions.node === 'string' &&","                    typeof require('http').createServer === 'function' &&","                    'node';","            }","        }());","        // init global","        local.global = local.modeJs === 'browser'","            ? window","            : global;","        // init utility2_rollup","        local = local.global.utility2_rollup || (local.modeJs === 'browser'","            ? local.global.utility2_npmtest_copy","            : global.utility2_moduleExports);","        // export local","        local.global.local = local;","    }());","    switch (local.modeJs) {","","","","    // init-after","    // run browser js-env code - init-after","    /* istanbul ignore next */","    case 'browser':","        local.testRunBrowser = function (event) {","            if (!event || (event &&","                    event.currentTarget &&","                    event.currentTarget.className &&","                    event.currentTarget.className.includes &&","                    event.currentTarget.className.includes('onreset'))) {","                // reset output","                Array.from(","                    document.querySelectorAll('body > .resettable')","                ).forEach(function (element) {","                    switch (element.tagName) {","                    case 'INPUT':","                    case 'TEXTAREA':","                        element.value = '';","                        break;","                    default:","                        element.textContent = '';","                    }","                });","            }","            switch (event && event.currentTarget && event.currentTarget.id) {","            case 'testRunButton1':","                // show tests","                if (document.querySelector('#testReportDiv1').style.display === 'none') {","                    document.querySelector('#testReportDiv1').style.display = 'block';","                    document.querySelector('#testRunButton1').textContent =","                        'hide internal test';","                    local.modeTest = true;","                    local.testRunDefault(local);","                // hide tests","                } else {","                    document.querySelector('#testReportDiv1').style.display = 'none';","                    document.querySelector('#testRunButton1').textContent = 'run internal test';","                }","                break;","            // custom-case","            default:","                break;","            }","            if (document.querySelector('#inputTextareaEval1') && (!event || (event &&","                    event.currentTarget &&","                    event.currentTarget.className &&","                    event.currentTarget.className.includes &&","                    event.currentTarget.className.includes('oneval')))) {","                // try to eval input-code","                try {","                    /*jslint evil: true*/","                    eval(document.querySelector('#inputTextareaEval1').value);","                } catch (errorCaught) {","                    console.error(errorCaught);","                }","            }","        };","        // log stderr and stdout to #outputTextareaStdout1","        ['error', 'log'].forEach(function (key) {","            console[key + '_original'] = console[key];","            console[key] = function () {","                var element;","                console[key + '_original'].apply(console, arguments);","                element = document.querySelector('#outputTextareaStdout1');","                if (!element) {","                    return;","                }","                // append text to #outputTextareaStdout1","                element.value += Array.from(arguments).map(function (arg) {","                    return typeof arg === 'string'","                        ? arg","                        : JSON.stringify(arg, null, 4);","                }).join(' ') + '\\n';","                // scroll textarea to bottom","                element.scrollTop = element.scrollHeight;","            };","        });","        // init event-handling","        ['change', 'click', 'keyup'].forEach(function (event) {","            Array.from(document.querySelectorAll('.on' + event)).forEach(function (element) {","                element.addEventListener(event, local.testRunBrowser);","            });","        });","        // run tests","        local.testRunBrowser();","        break;","","","","    // run node js-env code - init-after","    /* istanbul ignore next */","    case 'node':","        // export local","        module.exports = local;","        // require modules","        local.fs = require('fs');","        local.http = require('http');","        local.url = require('url');","        // init assets","        local.assetsDict = local.assetsDict || {};","        /* jslint-ignore-begin */","        local.assetsDict['/assets.index.template.html'] = '\\","<!doctype html>\\n\\","<html lang=\"en\">\\n\\","<head>\\n\\","<meta charset=\"UTF-8\">\\n\\","<meta name=\"viewport\" content=\"width=device-width, initial-scale=1\">\\n\\","<title>{{env.npm_package_name}} (v{{env.npm_package_version}})</title>\\n\\","<style>\\n\\","/*csslint\\n\\","    box-sizing: false,\\n\\","    universal-selector: false\\n\\","*/\\n\\","* {\\n\\","    box-sizing: border-box;\\n\\","}\\n\\","body {\\n\\","    background: #dde;\\n\\","    font-family: Arial, Helvetica, sans-serif;\\n\\","    margin: 2rem;\\n\\","}\\n\\","body > * {\\n\\","    margin-bottom: 1rem;\\n\\","}\\n\\",".utility2FooterDiv {\\n\\","    margin-top: 20px;\\n\\","    text-align: center;\\n\\","}\\n\\","</style>\\n\\","<style>\\n\\","/*csslint\\n\\","*/\\n\\","textarea {\\n\\","    font-family: monospace;\\n\\","    height: 10rem;\\n\\","    width: 100%;\\n\\","}\\n\\","textarea[readonly] {\\n\\","    background: #ddd;\\n\\","}\\n\\","</style>\\n\\","</head>\\n\\","<body>\\n\\","<!-- utility2-comment\\n\\","<div id=\"ajaxProgressDiv1\" style=\"background: #d00; height: 2px; left: 0; margin: 0; padding: 0; position: fixed; top: 0; transition: background 0.5s, width 1.5s; width: 25%;\"></div>\\n\\","utility2-comment -->\\n\\","<h1>\\n\\","<!-- utility2-comment\\n\\","    <a\\n\\","        {{#if env.npm_package_homepage}}\\n\\","        href=\"{{env.npm_package_homepage}}\"\\n\\","        {{/if env.npm_package_homepage}}\\n\\","        target=\"_blank\"\\n\\","    >\\n\\","utility2-comment -->\\n\\","        {{env.npm_package_name}} (v{{env.npm_package_version}})\\n\\","<!-- utility2-comment\\n\\","    </a>\\n\\","utility2-comment -->\\n\\","</h1>\\n\\","<h3>{{env.npm_package_description}}</h3>\\n\\","<!-- utility2-comment\\n\\","<h4><a download href=\"assets.app.js\">download standalone app</a></h4>\\n\\","<button class=\"onclick onreset\" id=\"testRunButton1\">run internal test</button><br>\\n\\","<div id=\"testReportDiv1\" style=\"display: none;\"></div>\\n\\","utility2-comment -->\\n\\","\\n\\","\\n\\","\\n\\","<label>stderr and stdout</label>\\n\\","<textarea class=\"resettable\" id=\"outputTextareaStdout1\" readonly></textarea>\\n\\","<!-- utility2-comment\\n\\","{{#if isRollup}}\\n\\","<script src=\"assets.app.js\"></script>\\n\\","{{#unless isRollup}}\\n\\","utility2-comment -->\\n\\","<script src=\"assets.utility2.rollup.js\"></script>\\n\\","<script src=\"jsonp.utility2._stateInit?callback=window.utility2._stateInit\"></script>\\n\\","<script src=\"assets.npmtest_copy.rollup.js\"></script>\\n\\","<script src=\"assets.example.js\"></script>\\n\\","<script src=\"assets.test.js\"></script>\\n\\","<!-- utility2-comment\\n\\","{{/if isRollup}}\\n\\","utility2-comment -->\\n\\","<div class=\"utility2FooterDiv\">\\n\\","    [ this app was created with\\n\\","    <a href=\"https://github.com/kaizhu256/node-utility2\" target=\"_blank\">utility2</a>\\n\\","    ]\\n\\","</div>\\n\\","</body>\\n\\","</html>\\n\\","';","        /* jslint-ignore-end */","        if (local.templateRender) {","            local.assetsDict['/'] = local.templateRender(","                local.assetsDict['/assets.index.template.html'],","                {","                    env: local.objectSetDefault(local.env, {","                        npm_package_description: 'the greatest app in the world!',","                        npm_package_name: 'my-app',","                        npm_package_nameAlias: 'my_app',","                        npm_package_version: '0.0.1'","                    })","                }","            );","        } else {","            local.assetsDict['/'] = local.assetsDict['/assets.index.template.html']","                .replace((/\\{\\{env\\.(\\w+?)\\}\\}/g), function (match0, match1) {","                    // jslint-hack","                    String(match0);","                    switch (match1) {","                    case 'npm_package_description':","                        return 'the greatest app in the world!';","                    case 'npm_package_name':","                        return 'my-app';","                    case 'npm_package_nameAlias':","                        return 'my_app';","                    case 'npm_package_version':","                        return '0.0.1';","                    }","                });","        }","        // run the cli","        if (local.global.utility2_rollup || module !== require.main) {","            break;","        }","        local.assetsDict['/assets.example.js'] =","            local.assetsDict['/assets.example.js'] ||","            local.fs.readFileSync(__filename, 'utf8');","        // bug-workaround - long $npm_package_buildCustomOrg","        /* jslint-ignore-begin */","        local.assetsDict['/assets.npmtest_copy.rollup.js'] =","            local.assetsDict['/assets.npmtest_copy.rollup.js'] ||","            local.fs.readFileSync(","                local.npmtest_copy.__dirname + '/lib.npmtest_copy.js',","                'utf8'","            ).replace((/^#!/), '//');","        /* jslint-ignore-end */","        local.assetsDict['/favicon.ico'] = local.assetsDict['/favicon.ico'] || '';","        // if $npm_config_timeout_exit exists,","        // then exit this process after $npm_config_timeout_exit ms","        if (Number(process.env.npm_config_timeout_exit)) {","            setTimeout(process.exit, Number(process.env.npm_config_timeout_exit));","        }","        // start server","        if (local.global.utility2_serverHttp1) {","            break;","        }","        process.env.PORT = process.env.PORT || '8081';","        console.error('server starting on port ' + process.env.PORT);","        local.http.createServer(function (request, response) {","            request.urlParsed = local.url.parse(request.url);","            if (local.assetsDict[request.urlParsed.pathname] !== undefined) {","                response.end(local.assetsDict[request.urlParsed.pathname]);","                return;","            }","            response.statusCode = 404;","            response.end();","        }).listen(process.env.PORT);","        break;","    }","}());",""],"l":{"26":2,"28":2,"33":2,"35":2,"37":2,"38":2,"39":2,"44":1,"51":2,"55":2,"59":2,"61":2,"69":1,"70":2,"76":2,"79":2,"82":2,"83":2,"85":1,"89":2,"92":1,"93":1,"94":1,"96":1,"97":1,"100":1,"101":1,"103":1,"106":1,"108":2,"114":1,"116":1,"118":1,"123":1,"124":2,"125":2,"126":3,"127":3,"128":3,"129":3,"130":1,"133":3,"134":3,"139":3,"143":1,"144":3,"145":1,"149":1,"150":1,"158":1,"160":1,"161":1,"162":1,"164":1,"166":1,"258":1,"259":1,"271":1,"274":6,"275":6,"277":1,"279":2,"281":1,"283":2,"288":1,"289":1,"291":1,"296":1,"303":1,"306":1,"307":1,"310":1,"311":1,"313":1,"314":1,"315":1,"316":1,"317":1,"318":1,"319":1,"321":1,"322":1,"324":1}},"/home/travis/build/npmtest/node-npmtest-copy/node_modules/copy/index.js":{"path":"/home/travis/build/npmtest/node-npmtest-copy/node_modules/copy/index.js","s":{"1":1,"2":1,"3":1,"4":1,"5":1,"6":1,"7":0,"8":0,"9":0,"10":0,"11":0,"12":0,"13":0,"14":0,"15":0,"16":0,"17":0,"18":0,"19":0,"20":0,"21":0,"22":0,"23":0,"24":0,"25":0,"26":1,"27":0,"28":0,"29":0,"30":0,"31":0,"32":0,"33":0,"34":0,"35":0,"36":0,"37":0,"38":0,"39":0,"40":1,"41":0,"42":0,"43":0,"44":0,"45":0,"46":0,"47":0,"48":0,"49":0,"50":0,"51":0,"52":0,"53":0,"54":0,"55":0,"56":0,"57":0,"58":0,"59":0,"60":0,"61":0,"62":1,"63":1,"64":1},"b":{"1":[0,0],"2":[0,0],"3":[0,0],"4":[0,0],"5":[0,0],"6":[0,0],"7":[0,0],"8":[0,0],"9":[0,0],"10":[0,0],"11":[0,0],"12":[0,0],"13":[0,0],"14":[0,0],"15":[0,0],"16":[0,0],"17":[0,0],"18":[0,0]},"f":{"1":0,"2":0,"3":0,"4":0,"5":0,"6":0,"7":0},"fnMap":{"1":{"name":"copy","line":27,"loc":{"start":{"line":27,"column":0},"end":{"line":27,"column":42}}},"2":{"name":"(anonymous_2)","line":51,"loc":{"start":{"line":51,"column":29},"end":{"line":51,"column":50}}},"3":{"name":"copyEach","line":79,"loc":{"start":{"line":79,"column":0},"end":{"line":79,"column":43}}},"4":{"name":"(anonymous_4)","line":98,"loc":{"start":{"line":98,"column":20},"end":{"line":98,"column":45}}},"5":{"name":"copyOne","line":122,"loc":{"start":{"line":122,"column":0},"end":{"line":122,"column":41}}},"6":{"name":"(anonymous_6)","line":144,"loc":{"start":{"line":144,"column":26},"end":{"line":144,"column":45}}},"7":{"name":"(anonymous_7)","line":150,"loc":{"start":{"line":150,"column":31},"end":{"line":150,"column":45}}}},"statementMap":{"1":{"start":{"line":3,"column":0},"end":{"line":3,"column":27}},"2":{"start":{"line":4,"column":0},"end":{"line":4,"column":35}},"3":{"start":{"line":5,"column":0},"end":{"line":5,"column":39}},"4":{"start":{"line":6,"column":0},"end":{"line":6,"column":35}},"5":{"start":{"line":7,"column":0},"end":{"line":7,"column":33}},"6":{"start":{"line":27,"column":0},"end":{"line":59,"column":1}},"7":{"start":{"line":28,"column":2},"end":{"line":30,"column":3}},"8":{"start":{"line":29,"column":4},"end":{"line":29,"column":42}},"9":{"start":{"line":32,"column":2},"end":{"line":35,"column":3}},"10":{"start":{"line":33,"column":4},"end":{"line":33,"column":17}},"11":{"start":{"line":34,"column":4},"end":{"line":34,"column":17}},"12":{"start":{"line":37,"column":2},"end":{"line":37,"column":57}},"13":{"start":{"line":38,"column":2},"end":{"line":38,"column":36}},"14":{"start":{"line":39,"column":2},"end":{"line":39,"column":38}},"15":{"start":{"line":41,"column":2},"end":{"line":44,"column":3}},"16":{"start":{"line":42,"column":4},"end":{"line":42,"column":38}},"17":{"start":{"line":43,"column":4},"end":{"line":43,"column":11}},"18":{"start":{"line":46,"column":2},"end":{"line":46,"column":27}},"19":{"start":{"line":47,"column":2},"end":{"line":49,"column":3}},"20":{"start":{"line":48,"column":4},"end":{"line":48,"column":66}},"21":{"start":{"line":51,"column":2},"end":{"line":58,"column":5}},"22":{"start":{"line":52,"column":4},"end":{"line":55,"column":5}},"23":{"start":{"line":53,"column":6},"end":{"line":53,"column":14}},"24":{"start":{"line":54,"column":6},"end":{"line":54,"column":13}},"25":{"start":{"line":57,"column":4},"end":{"line":57,"column":35}},"26":{"start":{"line":79,"column":0},"end":{"line":102,"column":1}},"27":{"start":{"line":80,"column":2},"end":{"line":82,"column":3}},"28":{"start":{"line":81,"column":4},"end":{"line":81,"column":42}},"29":{"start":{"line":84,"column":2},"end":{"line":87,"column":3}},"30":{"start":{"line":85,"column":4},"end":{"line":85,"column":17}},"31":{"start":{"line":86,"column":4},"end":{"line":86,"column":17}},"32":{"start":{"line":89,"column":2},"end":{"line":89,"column":39}},"33":{"start":{"line":90,"column":2},"end":{"line":92,"column":3}},"34":{"start":{"line":91,"column":4},"end":{"line":91,"column":29}},"35":{"start":{"line":94,"column":2},"end":{"line":96,"column":3}},"36":{"start":{"line":95,"column":4},"end":{"line":95,"column":71}},"37":{"start":{"line":98,"column":2},"end":{"line":101,"column":9}},"38":{"start":{"line":99,"column":4},"end":{"line":99,"column":52}},"39":{"start":{"line":100,"column":4},"end":{"line":100,"column":39}},"40":{"start":{"line":122,"column":0},"end":{"line":159,"column":1}},"41":{"start":{"line":123,"column":2},"end":{"line":125,"column":3}},"42":{"start":{"line":124,"column":4},"end":{"line":124,"column":42}},"43":{"start":{"line":127,"column":2},"end":{"line":130,"column":3}},"44":{"start":{"line":128,"column":4},"end":{"line":128,"column":17}},"45":{"start":{"line":129,"column":4},"end":{"line":129,"column":17}},"46":{"start":{"line":132,"column":2},"end":{"line":132,"column":39}},"47":{"start":{"line":133,"column":2},"end":{"line":135,"column":3}},"48":{"start":{"line":134,"column":4},"end":{"line":134,"column":29}},"49":{"start":{"line":136,"column":2},"end":{"line":138,"column":3}},"50":{"start":{"line":137,"column":4},"end":{"line":137,"column":40}},"51":{"start":{"line":140,"column":2},"end":{"line":142,"column":3}},"52":{"start":{"line":141,"column":4},"end":{"line":141,"column":71}},"53":{"start":{"line":144,"column":2},"end":{"line":158,"column":5}},"54":{"start":{"line":145,"column":4},"end":{"line":148,"column":5}},"55":{"start":{"line":146,"column":6},"end":{"line":146,"column":14}},"56":{"start":{"line":147,"column":6},"end":{"line":147,"column":13}},"57":{"start":{"line":150,"column":4},"end":{"line":157,"column":7}},"58":{"start":{"line":151,"column":6},"end":{"line":154,"column":7}},"59":{"start":{"line":152,"column":8},"end":{"line":152,"column":16}},"60":{"start":{"line":153,"column":8},"end":{"line":153,"column":15}},"61":{"start":{"line":156,"column":6},"end":{"line":156,"column":20}},"62":{"start":{"line":165,"column":0},"end":{"line":165,"column":22}},"63":{"start":{"line":166,"column":0},"end":{"line":166,"column":29}},"64":{"start":{"line":167,"column":0},"end":{"line":167,"column":31}}},"branchMap":{"1":{"line":28,"type":"if","locations":[{"start":{"line":28,"column":2},"end":{"line":28,"column":2}},{"start":{"line":28,"column":2},"end":{"line":28,"column":2}}]},"2":{"line":32,"type":"if","locations":[{"start":{"line":32,"column":2},"end":{"line":32,"column":2}},{"start":{"line":32,"column":2},"end":{"line":32,"column":2}}]},"3":{"line":41,"type":"if","locations":[{"start":{"line":41,"column":2},"end":{"line":41,"column":2}},{"start":{"line":41,"column":2},"end":{"line":41,"column":2}}]},"4":{"line":47,"type":"if","locations":[{"start":{"line":47,"column":2},"end":{"line":47,"column":2}},{"start":{"line":47,"column":2},"end":{"line":47,"column":2}}]},"5":{"line":52,"type":"if","locations":[{"start":{"line":52,"column":4},"end":{"line":52,"column":4}},{"start":{"line":52,"column":4},"end":{"line":52,"column":4}}]},"6":{"line":80,"type":"if","locations":[{"start":{"line":80,"column":2},"end":{"line":80,"column":2}},{"start":{"line":80,"column":2},"end":{"line":80,"column":2}}]},"7":{"line":84,"type":"if","locations":[{"start":{"line":84,"column":2},"end":{"line":84,"column":2}},{"start":{"line":84,"column":2},"end":{"line":84,"column":2}}]},"8":{"line":90,"type":"if","locations":[{"start":{"line":90,"column":2},"end":{"line":90,"column":2}},{"start":{"line":90,"column":2},"end":{"line":90,"column":2}}]},"9":{"line":94,"type":"if","locations":[{"start":{"line":94,"column":2},"end":{"line":94,"column":2}},{"start":{"line":94,"column":2},"end":{"line":94,"column":2}}]},"10":{"line":94,"type":"binary-expr","locations":[{"start":{"line":94,"column":6},"end":{"line":94,"column":19}},{"start":{"line":94,"column":23},"end":{"line":94,"column":36}}]},"11":{"line":123,"type":"if","locations":[{"start":{"line":123,"column":2},"end":{"line":123,"column":2}},{"start":{"line":123,"column":2},"end":{"line":123,"column":2}}]},"12":{"line":127,"type":"if","locations":[{"start":{"line":127,"column":2},"end":{"line":127,"column":2}},{"start":{"line":127,"column":2},"end":{"line":127,"column":2}}]},"13":{"line":133,"type":"if","locations":[{"start":{"line":133,"column":2},"end":{"line":133,"column":2}},{"start":{"line":133,"column":2},"end":{"line":133,"column":2}}]},"14":{"line":136,"type":"if","locations":[{"start":{"line":136,"column":2},"end":{"line":136,"column":2}},{"start":{"line":136,"column":2},"end":{"line":136,"column":2}}]},"15":{"line":140,"type":"if","locations":[{"start":{"line":140,"column":2},"end":{"line":140,"column":2}},{"start":{"line":140,"column":2},"end":{"line":140,"column":2}}]},"16":{"line":140,"type":"binary-expr","locations":[{"start":{"line":140,"column":6},"end":{"line":140,"column":19}},{"start":{"line":140,"column":23},"end":{"line":140,"column":36}}]},"17":{"line":145,"type":"if","locations":[{"start":{"line":145,"column":4},"end":{"line":145,"column":4}},{"start":{"line":145,"column":4},"end":{"line":145,"column":4}}]},"18":{"line":151,"type":"if","locations":[{"start":{"line":151,"column":6},"end":{"line":151,"column":6}},{"start":{"line":151,"column":6},"end":{"line":151,"column":6}}]}},"code":["'use strict';","","var path = require('path');","var toDest = require('./lib/dest');","var invalid = require('./lib/invalid');","var utils = require('./lib/utils');","var base = require('./lib/base');","","/**"," * Copy a filepath, vinyl file, array of files, or glob of files to the"," * given destination `directory`, with `options` and callback function that"," * exposes `err` and the array of vinyl files that are created by the copy"," * operation."," *"," * ```js"," * copy('*.js', 'dist', function(err, file) {"," *   // exposes the vinyl `file` created when the file is copied"," * });"," * ```"," * @param {String|Object|Array} `patterns` Filepath(s), vinyl file(s) or glob of files."," * @param {String} `dir` Destination directory"," * @param {Object|Function} `options` or callback function"," * @param {Function} `cb` Callback function if no options are specified"," * @api public"," */","","function copy(patterns, dir, options, cb) {","  if (arguments.length < 3) {","    return invalid.apply(null, arguments);","  }","","  if (typeof options === 'function') {","    cb = options;","    options = {};","  }","","  var opts = utils.extend({cwd: process.cwd()}, options);","  opts.cwd = path.resolve(opts.cwd);","  patterns = utils.arrayify(patterns);","","  if (!utils.hasGlob(patterns)) {","    copyEach(patterns, dir, opts, cb);","    return;","  }","","  opts.patterns = patterns;","  if (!opts.srcBase) {","    opts.srcBase = path.resolve(opts.cwd, utils.parent(patterns));","  }","","  utils.glob(patterns, opts, function(err, files) {","    if (err) {","      cb(err);","      return;","    }","","    copyEach(files, dir, opts, cb);","  });","}","","/**"," * Copy an array of files to the given destination `directory`, with"," * `options` and callback function that exposes `err` and the array of"," * vinyl files that are created by the copy operation."," *"," * ```js"," * copy.each(['foo.txt', 'bar.txt', 'baz.txt'], 'dist', function(err, files) {"," *   // exposes the vinyl `files` created when the files are copied"," * });"," * ```"," * @name .copy.each"," * @param {Array} `files` Filepaths or vinyl files."," * @param {String} `dir` Destination directory"," * @param {Object|Function} `options` or callback function"," * @param {Function} `cb` Callback function if no options are specified"," * @api public"," */","","function copyEach(files, dir, options, cb) {","  if (arguments.length < 3) {","    return invalid.apply(null, arguments);","  }","","  if (typeof options === 'function') {","    cb = options;","    options = {};","  }","","  var opts = utils.extend({}, options);","  if (typeof opts.cwd === 'undefined') {","    opts.cwd = process.cwd();","  }","","  if (!opts.srcBase && opts.patterns) {","    opts.srcBase = path.resolve(opts.cwd, utils.parent(opts.patterns));","  }","","  utils.each(files, function(filename, next) {","    var filepath = path.resolve(opts.cwd, filename);","    copyOne(filepath, dir, opts, next);","  }, cb);","}","","/**"," * Copy a single `file` to the given `dest` directory, using"," * the specified options and callback function."," *"," * ```js"," * copy.one('foo.txt', 'dist', function(err, file) {"," *   if (err) throw err;"," *   // exposes the vinyl `file` that is created when the file is copied"," * });"," * ```"," * @name .copy.one"," * @param {String|Object} `file` Filepath or vinyl file"," * @param {String} `dir` Destination directory"," * @param {Object|Function} `options` or callback function"," * @param {Function} `cb` Callback function if no options are specified"," * @api public"," */","","function copyOne(file, dir, options, cb) {","  if (arguments.length < 3) {","    return invalid.apply(null, arguments);","  }","","  if (typeof options === 'function') {","    cb = options;","    options = {};","  }","","  var opts = utils.extend({}, options);","  if (typeof opts.cwd === 'undefined') {","    opts.cwd = process.cwd();","  }","  if (typeof file === 'string') {","    file = path.resolve(opts.cwd, file);","  }","","  if (!opts.srcBase && opts.patterns) {","    opts.srcBase = path.resolve(opts.cwd, utils.parent(opts.patterns));","  }","","  toDest(dir, file, opts, function(err, out) {","    if (err) {","      cb(err);","      return;","    }","","    base(file, out.path, opts, function(err) {","      if (err) {","        cb(err);","        return;","      }","","      cb(null, out);","    });","  });","}","","/**"," * Expose `copy`"," */","","module.exports = copy;","module.exports.one = copyOne;","module.exports.each = copyEach;",""],"l":{"3":1,"4":1,"5":1,"6":1,"7":1,"27":1,"28":0,"29":0,"32":0,"33":0,"34":0,"37":0,"38":0,"39":0,"41":0,"42":0,"43":0,"46":0,"47":0,"48":0,"51":0,"52":0,"53":0,"54":0,"57":0,"79":1,"80":0,"81":0,"84":0,"85":0,"86":0,"89":0,"90":0,"91":0,"94":0,"95":0,"98":0,"99":0,"100":0,"122":1,"123":0,"124":0,"127":0,"128":0,"129":0,"132":0,"133":0,"134":0,"136":0,"137":0,"140":0,"141":0,"144":0,"145":0,"146":0,"147":0,"150":0,"151":0,"152":0,"153":0,"156":0,"165":1,"166":1,"167":1}},"/home/travis/build/npmtest/node-npmtest-copy/node_modules/copy/lib/dest.js":{"path":"/home/travis/build/npmtest/node-npmtest-copy/node_modules/copy/lib/dest.js","s":{"1":1,"2":1,"3":1,"4":0,"5":0,"6":0,"7":0,"8":0,"9":0,"10":0,"11":0,"12":0,"13":0,"14":0,"15":0,"16":0,"17":0,"18":0,"19":0,"20":0,"21":0,"22":0,"23":0,"24":0,"25":0,"26":0,"27":0,"28":0,"29":0,"30":0,"31":0,"32":0,"33":0,"34":1,"35":0},"b":{"1":[0,0],"2":[0,0],"3":[0,0],"4":[0,0],"5":[0,0],"6":[0,0],"7":[0,0],"8":[0,0],"9":[0,0],"10":[0,0],"11":[0,0],"12":[0,0],"13":[0,0]},"f":{"1":0,"2":0},"fnMap":{"1":{"name":"toDest","line":6,"loc":{"start":{"line":6,"column":17},"end":{"line":6,"column":57}}},"2":{"name":"isRelative","line":61,"loc":{"start":{"line":61,"column":0},"end":{"line":61,"column":26}}}},"statementMap":{"1":{"start":{"line":3,"column":0},"end":{"line":3,"column":27}},"2":{"start":{"line":4,"column":0},"end":{"line":4,"column":31}},"3":{"start":{"line":6,"column":0},"end":{"line":59,"column":2}},"4":{"start":{"line":7,"column":2},"end":{"line":10,"column":3}},"5":{"start":{"line":8,"column":4},"end":{"line":8,"column":17}},"6":{"start":{"line":9,"column":4},"end":{"line":9,"column":17}},"7":{"start":{"line":12,"column":2},"end":{"line":12,"column":54}},"8":{"start":{"line":13,"column":2},"end":{"line":13,"column":58}},"9":{"start":{"line":14,"column":2},"end":{"line":16,"column":3}},"10":{"start":{"line":15,"column":4},"end":{"line":15,"column":36}},"11":{"start":{"line":18,"column":2},"end":{"line":18,"column":14}},"12":{"start":{"line":19,"column":2},"end":{"line":27,"column":3}},"13":{"start":{"line":20,"column":4},"end":{"line":20,"column":24}},"14":{"start":{"line":22,"column":9},"end":{"line":27,"column":3}},"15":{"start":{"line":23,"column":4},"end":{"line":23,"column":18}},"16":{"start":{"line":26,"column":4},"end":{"line":26,"column":74}},"17":{"start":{"line":29,"column":2},"end":{"line":32,"column":3}},"18":{"start":{"line":30,"column":4},"end":{"line":30,"column":53}},"19":{"start":{"line":31,"column":4},"end":{"line":31,"column":55}},"20":{"start":{"line":34,"column":2},"end":{"line":40,"column":3}},"21":{"start":{"line":35,"column":4},"end":{"line":35,"column":51}},"22":{"start":{"line":36,"column":9},"end":{"line":40,"column":3}},"23":{"start":{"line":37,"column":4},"end":{"line":37,"column":60}},"24":{"start":{"line":39,"column":4},"end":{"line":39,"column":43}},"25":{"start":{"line":43,"column":2},"end":{"line":47,"column":3}},"26":{"start":{"line":44,"column":4},"end":{"line":44,"column":50}},"27":{"start":{"line":46,"column":4},"end":{"line":46,"column":53}},"28":{"start":{"line":50,"column":2},"end":{"line":55,"column":3}},"29":{"start":{"line":51,"column":4},"end":{"line":53,"column":5}},"30":{"start":{"line":52,"column":6},"end":{"line":52,"column":32}},"31":{"start":{"line":54,"column":4},"end":{"line":54,"column":28}},"32":{"start":{"line":57,"column":2},"end":{"line":57,"column":24}},"33":{"start":{"line":58,"column":2},"end":{"line":58,"column":17}},"34":{"start":{"line":61,"column":0},"end":{"line":63,"column":1}},"35":{"start":{"line":62,"column":2},"end":{"line":62,"column":67}}},"branchMap":{"1":{"line":7,"type":"if","locations":[{"start":{"line":7,"column":2},"end":{"line":7,"column":2}},{"start":{"line":7,"column":2},"end":{"line":7,"column":2}}]},"2":{"line":13,"type":"binary-expr","locations":[{"start":{"line":13,"column":40},"end":{"line":13,"column":48}},{"start":{"line":13,"column":52},"end":{"line":13,"column":55}}]},"3":{"line":14,"type":"if","locations":[{"start":{"line":14,"column":2},"end":{"line":14,"column":2}},{"start":{"line":14,"column":2},"end":{"line":14,"column":2}}]},"4":{"line":19,"type":"if","locations":[{"start":{"line":19,"column":2},"end":{"line":19,"column":2}},{"start":{"line":19,"column":2},"end":{"line":19,"column":2}}]},"5":{"line":22,"type":"if","locations":[{"start":{"line":22,"column":9},"end":{"line":22,"column":9}},{"start":{"line":22,"column":9},"end":{"line":22,"column":9}}]},"6":{"line":29,"type":"if","locations":[{"start":{"line":29,"column":2},"end":{"line":29,"column":2}},{"start":{"line":29,"column":2},"end":{"line":29,"column":2}}]},"7":{"line":34,"type":"if","locations":[{"start":{"line":34,"column":2},"end":{"line":34,"column":2}},{"start":{"line":34,"column":2},"end":{"line":34,"column":2}}]},"8":{"line":36,"type":"if","locations":[{"start":{"line":36,"column":9},"end":{"line":36,"column":9}},{"start":{"line":36,"column":9},"end":{"line":36,"column":9}}]},"9":{"line":43,"type":"if","locations":[{"start":{"line":43,"column":2},"end":{"line":43,"column":2}},{"start":{"line":43,"column":2},"end":{"line":43,"column":2}}]},"10":{"line":43,"type":"binary-expr","locations":[{"start":{"line":43,"column":6},"end":{"line":43,"column":27}},{"start":{"line":43,"column":31},"end":{"line":43,"column":63}}]},"11":{"line":50,"type":"if","locations":[{"start":{"line":50,"column":2},"end":{"line":50,"column":2}},{"start":{"line":50,"column":2},"end":{"line":50,"column":2}}]},"12":{"line":51,"type":"if","locations":[{"start":{"line":51,"column":4},"end":{"line":51,"column":4}},{"start":{"line":51,"column":4},"end":{"line":51,"column":4}}]},"13":{"line":51,"type":"binary-expr","locations":[{"start":{"line":51,"column":8},"end":{"line":51,"column":23}},{"start":{"line":51,"column":27},"end":{"line":51,"column":53}}]}},"code":["'use strict';","","var path = require('path');","var utils = require('./utils');","","module.exports = function toDest(dir, file, options, cb) {","  if (typeof options === 'function') {","    cb = options;","    options = {};","  }","","  var opts = utils.extend({overwrite: true}, options);","  opts.cwd = path.resolve(utils.resolve(opts.cwd || '.'));","  if (typeof file === 'string') {","    file = utils.toFile(file, opts);","  }","","  var destDir;","  if (typeof dir === 'function') {","    destDir = dir(file);","","  } else if (typeof dir === 'string') {","    destDir = dir;","","  } else {","    return cb(new TypeError('expected dest to be a string or function.'));","  }","","  if (opts.srcBase) {","    file.base = path.resolve(file.cwd, opts.srcBase);","    file.path = path.resolve(file.base, file.relative);","  }","","  if (opts.destBase) {","    destDir = path.resolve(opts.destBase, destDir);","  } else if (utils.isAbsolute(destDir)) {","    destDir = path.resolve(opts.cwd, path.resolve(destDir));","  } else {","    destDir = path.join(opts.cwd, destDir);","  }","","  // update file path with destination directory","  if (opts.flatten === true || typeof file.path === 'undefined') {","    file.path = path.join(destDir, file.basename);","  } else {","    file.path = path.resolve(destDir, file.relative);","  }","","  // update file extension","  if (typeof opts.ext === 'string') {","    if (opts.ext !== '' && opts.ext.charAt(0) !== '.') {","      opts.ext = '.' + opts.ext;","    }","    file.extname = opts.ext;","  }","","  file.dest = file.path;","  cb(null, file);","};","","function isRelative(dest) {","  return path.relative(process.cwd(), path.resolve(dest)) === dest;","}",""],"l":{"3":1,"4":1,"6":1,"7":0,"8":0,"9":0,"12":0,"13":0,"14":0,"15":0,"18":0,"19":0,"20":0,"22":0,"23":0,"26":0,"29":0,"30":0,"31":0,"34":0,"35":0,"36":0,"37":0,"39":0,"43":0,"44":0,"46":0,"50":0,"51":0,"52":0,"54":0,"57":0,"58":0,"61":1,"62":0}},"/home/travis/build/npmtest/node-npmtest-copy/node_modules/copy/lib/utils.js":{"path":"/home/travis/build/npmtest/node-npmtest-copy/node_modules/copy/lib/utils.js","s":{"1":1,"2":1,"3":1,"4":1,"5":1,"6":1,"7":1,"8":1,"9":1,"10":1,"11":1,"12":1,"13":1,"14":1,"15":1,"16":1,"17":1,"18":1,"19":0,"20":0,"21":0,"22":1,"23":0,"24":0,"25":0,"26":1,"27":0,"28":1},"b":{"1":[0,0],"2":[0,0],"3":[0,0]},"f":{"1":0,"2":0,"3":0},"fnMap":{"1":{"name":"(anonymous_1)","line":30,"loc":{"start":{"line":30,"column":13},"end":{"line":30,"column":28}}},"2":{"name":"(anonymous_2)","line":44,"loc":{"start":{"line":44,"column":15},"end":{"line":44,"column":34}}},"3":{"name":"(anonymous_3)","line":58,"loc":{"start":{"line":58,"column":17},"end":{"line":58,"column":31}}}},"statementMap":{"1":{"start":{"line":7,"column":0},"end":{"line":7,"column":23}},"2":{"start":{"line":8,"column":0},"end":{"line":8,"column":43}},"3":{"start":{"line":9,"column":0},"end":{"line":9,"column":17}},"4":{"start":{"line":10,"column":0},"end":{"line":10,"column":16}},"5":{"start":{"line":16,"column":0},"end":{"line":16,"column":30}},"6":{"start":{"line":17,"column":0},"end":{"line":17,"column":31}},"7":{"start":{"line":18,"column":0},"end":{"line":18,"column":36}},"8":{"start":{"line":19,"column":0},"end":{"line":19,"column":37}},"9":{"start":{"line":20,"column":0},"end":{"line":20,"column":23}},"10":{"start":{"line":21,"column":0},"end":{"line":21,"column":29}},"11":{"start":{"line":22,"column":0},"end":{"line":22,"column":20}},"12":{"start":{"line":23,"column":0},"end":{"line":23,"column":23}},"13":{"start":{"line":24,"column":0},"end":{"line":24,"column":27}},"14":{"start":{"line":25,"column":0},"end":{"line":25,"column":18}},"15":{"start":{"line":26,"column":0},"end":{"line":26,"column":34}},"16":{"start":{"line":27,"column":0},"end":{"line":27,"column":19}},"17":{"start":{"line":28,"column":0},"end":{"line":28,"column":13}},"18":{"start":{"line":30,"column":0},"end":{"line":35,"column":2}},"19":{"start":{"line":31,"column":2},"end":{"line":33,"column":18}},"20":{"start":{"line":32,"column":4},"end":{"line":32,"column":35}},"21":{"start":{"line":34,"column":2},"end":{"line":34,"column":12}},"22":{"start":{"line":44,"column":0},"end":{"line":49,"column":2}},"23":{"start":{"line":45,"column":2},"end":{"line":47,"column":3}},"24":{"start":{"line":46,"column":4},"end":{"line":46,"column":41}},"25":{"start":{"line":48,"column":2},"end":{"line":48,"column":36}},"26":{"start":{"line":58,"column":0},"end":{"line":60,"column":2}},"27":{"start":{"line":59,"column":2},"end":{"line":59,"column":55}},"28":{"start":{"line":66,"column":0},"end":{"line":66,"column":23}}},"branchMap":{"1":{"line":45,"type":"if","locations":[{"start":{"line":45,"column":2},"end":{"line":45,"column":2}},{"start":{"line":45,"column":2},"end":{"line":45,"column":2}}]},"2":{"line":59,"type":"cond-expr","locations":[{"start":{"line":59,"column":16},"end":{"line":59,"column":48}},{"start":{"line":59,"column":52},"end":{"line":59,"column":54}}]},"3":{"line":59,"type":"cond-expr","locations":[{"start":{"line":59,"column":37},"end":{"line":59,"column":40}},{"start":{"line":59,"column":43},"end":{"line":59,"column":48}}]}},"code":["'use strict';","","/**"," * Module dependencies"," */","","var fs = require('fs');","var utils = require('lazy-cache')(require);","var fn = require;","require = utils;","","/**"," * Lazily required module dependencies"," */","","require('async-each', 'each');","require('bluebird', 'Promise');","require('extend-shallow', 'extend');","require('file-contents', 'contents');","require('glob-parent');","require('graceful-fs', 'fs');","require('has-glob');","require('is-absolute');","require('matched', 'glob');","require('mkdirp');","require('resolve-dir', 'resolve');","require('to-file');","require = fn;","","utils.stat = function(file) {","  try {","    return fs.lstatSync(file.path);","  } catch (err) {}","  return {};","};","","/**"," * Get the base filepath from a glob."," *"," * @param {Array|String} `patterns`"," * @return {String}"," */","","utils.parent = function(patterns) {","  if (Array.isArray(patterns)) {","    return utils.globParent(patterns[0]);","  }","  return utils.globParent(patterns);","};","","/**"," * Cast `val` to an array."," *"," * @param {any} val"," * @return {Array}"," */","","utils.arrayify = function(val) {","  return val ? (Array.isArray(val) ? val : [val]) : [];","};","","/**"," * Expose `utils` modules"," */","","module.exports = utils;",""],"l":{"7":1,"8":1,"9":1,"10":1,"16":1,"17":1,"18":1,"19":1,"20":1,"21":1,"22":1,"23":1,"24":1,"25":1,"26":1,"27":1,"28":1,"30":1,"31":0,"32":0,"34":0,"44":1,"45":0,"46":0,"48":0,"58":1,"59":0,"66":1}},"/home/travis/build/npmtest/node-npmtest-copy/node_modules/copy/lib/invalid.js":{"path":"/home/travis/build/npmtest/node-npmtest-copy/node_modules/copy/lib/invalid.js","s":{"1":1,"2":0,"3":0,"4":0,"5":0,"6":0,"7":0,"8":0,"9":0,"10":0,"11":0,"12":1},"b":{"1":[0,0],"2":[0,0],"3":[0,0],"4":[0,0],"5":[0,0]},"f":{"1":0},"fnMap":{"1":{"name":"invalidArgs","line":12,"loc":{"start":{"line":12,"column":0},"end":{"line":12,"column":45}}}},"statementMap":{"1":{"start":{"line":12,"column":0},"end":{"line":26,"column":1}},"2":{"start":{"line":15,"column":2},"end":{"line":15,"column":44}},"3":{"start":{"line":15,"column":34},"end":{"line":15,"column":44}},"4":{"start":{"line":16,"column":2},"end":{"line":16,"column":42}},"5":{"start":{"line":16,"column":33},"end":{"line":16,"column":42}},"6":{"start":{"line":17,"column":2},"end":{"line":19,"column":3}},"7":{"start":{"line":18,"column":4},"end":{"line":18,"column":62}},"8":{"start":{"line":20,"column":2},"end":{"line":22,"column":3}},"9":{"start":{"line":21,"column":4},"end":{"line":21,"column":62}},"10":{"start":{"line":23,"column":2},"end":{"line":25,"column":3}},"11":{"start":{"line":24,"column":4},"end":{"line":24,"column":63}},"12":{"start":{"line":28,"column":0},"end":{"line":28,"column":29}}},"branchMap":{"1":{"line":15,"type":"if","locations":[{"start":{"line":15,"column":2},"end":{"line":15,"column":2}},{"start":{"line":15,"column":2},"end":{"line":15,"column":2}}]},"2":{"line":16,"type":"if","locations":[{"start":{"line":16,"column":2},"end":{"line":16,"column":2}},{"start":{"line":16,"column":2},"end":{"line":16,"column":2}}]},"3":{"line":17,"type":"if","locations":[{"start":{"line":17,"column":2},"end":{"line":17,"column":2}},{"start":{"line":17,"column":2},"end":{"line":17,"column":2}}]},"4":{"line":20,"type":"if","locations":[{"start":{"line":20,"column":2},"end":{"line":20,"column":2}},{"start":{"line":20,"column":2},"end":{"line":20,"column":2}}]},"5":{"line":23,"type":"if","locations":[{"start":{"line":23,"column":2},"end":{"line":23,"column":2}},{"start":{"line":23,"column":2},"end":{"line":23,"column":2}}]}},"code":["'use strict';","","/**"," * Handle errors for invalid arguments"," *"," * @param {String} `src`"," * @param {String} `dest`"," * @param {Object} `options`"," * @param {Function} `cb` (if async)"," */","","function invalidArgs(src, dest, options, cb) {","  // get the callback so we can give the correct errors","  // when src or dest is missing","  if (typeof dest === 'function') cb = dest;","  if (typeof src === 'function') cb = src;","  if (typeof cb !== 'function') {","    throw new TypeError('expected callback to be a function');","  }","  if (typeof src !== 'string') {","    return cb(new TypeError('expected \"src\" to be a string'));","  }","  if (typeof dest !== 'string') {","    return cb(new TypeError('expected \"dest\" to be a string'));","  }","}","","module.exports = invalidArgs;",""],"l":{"12":1,"15":0,"16":0,"17":0,"18":0,"20":0,"21":0,"23":0,"24":0,"28":1}},"/home/travis/build/npmtest/node-npmtest-copy/node_modules/copy/lib/base.js":{"path":"/home/travis/build/npmtest/node-npmtest-copy/node_modules/copy/lib/base.js","s":{"1":1,"2":1,"3":1,"4":1,"5":1,"6":0,"7":0,"8":0,"9":0,"10":0,"11":0,"12":0,"13":0,"14":0,"15":0,"16":0,"17":1,"18":0,"19":0,"20":0,"21":0,"22":1,"23":0,"24":1,"25":0,"26":0,"27":0,"28":0,"29":0,"30":0,"31":1,"32":0,"33":1,"34":0,"35":0,"36":0,"37":0,"38":0,"39":0,"40":0,"41":0,"42":0,"43":0,"44":0,"45":1,"46":0,"47":0,"48":0,"49":0,"50":0,"51":0,"52":0,"53":0,"54":0,"55":1},"b":{"1":[0,0],"2":[0,0],"3":[0,0],"4":[0,0],"5":[0,0],"6":[0,0],"7":[0,0],"8":[0,0],"9":[0,0],"10":[0,0],"11":[0,0],"12":[0,0],"13":[0,0]},"f":{"1":0,"2":0,"3":0,"4":0,"5":0,"6":0,"7":0,"8":0,"9":0,"10":0,"11":0,"12":0,"13":0},"fnMap":{"1":{"name":"copyBase","line":18,"loc":{"start":{"line":18,"column":0},"end":{"line":18,"column":48}}},"2":{"name":"ws","line":39,"loc":{"start":{"line":39,"column":2},"end":{"lin
[...]
expr","locations":[{"start":{"line":72,"column":8},"end":{"line":72,"column":11}},{"start":{"line":72,"column":15},"end":{"line":72,"column":36}}]},"8":{"line":104,"type":"switch","locations":[{"start":{"line":105,"column":6},"end":{"line":111,"column":14}},{"start":{"line":112,"column":6},"end":{"line":117,"column":14}}]},"9":{"line":106,"type":"if","locations":[{"start":{"line":106,"column":8},"end":{"line":106,"column":8}},{"start":{"line":106,"column":8},"end":{"line":106,"column":8}}]},"10":{"line":113,"type":"if","locations":[{"start":{"line":113,"column":8},"end":{"line":113,"column":8}},{"start":{"line":113,"column":8},"end":{"line":113,"column":8}}]},"11":{"line":113,"type":"binary-expr","locations":[{"start":{"line":113,"column":12},"end":{"line":113,"column":27}},{"start":{"line":113,"column":31},"end":{"line":113,"column":52}}]},"12":{"line":135,"type":"if","locations":[{"start":{"line":135,"column":6},"end":{"line":135,"column":6}},{"start":{"line":135,"column":6},"end":{"line":135,"column":6}}]},"13":{"line":138,"type":"if","locations":[{"start":{"line":138,"column":8},"end":{"line":138,"column":8}},{"start":{"line":138,"column":8},"end":{"line":138,"column":8}}]}},"code":["'use strict';","","var path = require('path');","var invalid = require('./invalid');","var utils = require('./utils');","var once = require('./once');","","/**"," * Copy a file from `src` to `dest`"," *"," * @param {String} `src` Source filepath"," * @param {String} `dest` Destination filepath"," * @param {Object} `options`"," * @param {Function} `cb` Callback function"," * @api public"," */","","function copyBase(src, dest, options, callback) {","  if (typeof options !== 'object') {","    callback = options;","    options = {};","  }","","  if (arguments.length < 3) {","    return invalid.apply(null, arguments);","  }","","  var fs = utils.fs; // graceful-fs (lazyily required)","  var opts = utils.extend({overwrite: true}, options);","  var cb = once(callback);","  var listener = once(ws);","  src = path.resolve(src);","","  var rs = fs.createReadStream(src)","    .on('error', handleError('read', src, opts, cb))","    .on('readable', listener)","    .on('end', listener);","","  function ws() {","    mkdir(dest, function(err) {","      if (err) return cb(err);","      rs.pipe(fs.createWriteStream(dest, writeOpts(opts))","        .on('error', handleError('write', dest, opts, cb))","        .on('close', handleClose(src, dest, cb)));","    });","  }","}","","/**"," * Normalize write options"," *"," * @param {Object} `opts`"," * @return {Object}"," */","","function writeOpts(opts) {","  return utils.extend({","    flags: opts.flags || (opts.overwrite ? 'w' : 'wx')","  }, opts);","}","","/**"," * Ensure that a directory exists before trying to write to it."," *"," * @param {String} `dest`"," * @param {Function} `cb` Callback function"," */","","function mkdir(dest, cb) {","  var dir = path.dirname(path.resolve(dest));","  utils.mkdirp(dir, function(err) {","    if (err && err.code !== 'EEXIST') {","      err.message = formatError('mkdirp cannot create directory', dir, err);","      return cb(new Error(err));","    }","    cb();","  });","}","","/**"," * Format error messages"," *"," * @param {String} `msg` Custom error message"," * @param {String} `filepath` filepath that caused the error"," * @param {Object} `err` Error object"," * @return {String}"," */","","function formatError(msg, filepath, err) {","  return '[copy base] ' + msg + ' > \"' + filepath + '\": ' + err.message;","}","","/**"," * Handle errors with custom message formatting."," *"," * @param {String} `type` types are \"read\" or \"write\""," * @param {String} `filepath` filepath that caused the error"," * @param {Object} `options`"," * @param {Function} `cb` callback function"," */","","function handleError(type, filepath, opts, cb) {","  return function(err) {","    switch (type) {","      case 'read':","        if (err.code === 'ENOENT') {","          err.message = formatError('file does not exist', filepath, err);","        } else {","          err.message = formatError('cannot read file', filepath, err);","        }","        break;","      case 'write':","        if (!opts.overwrite && err.code === 'EEXIST') {","          return cb();","        }","        err.message = formatError('cannot write to', filepath, err);","        break;","    }","    cb(err);","  };","}","","/**"," * Handle write close event."," *"," * @param {String} `src` Source filepath"," * @param {String} `dest` Destination filepath"," * @param {Function} `cb` Callback function"," */","","function handleClose(src, dest, cb) {","  var fs = utils.fs; // graceful-fs (lazyily required)","  return function() {","    fs.lstat(src, function(err, stat) {","      if (err) return cb(err);","","      fs.utimes(dest, stat.atime, stat.mtime, function(err) {","        if (err) return cb(err);","        cb();","      });","    });","  };","}","","/**"," * Expose `copyBase`"," */","","module.exports = copyBase;",""],"l":{"3":1,"4":1,"5":1,"6":1,"18":1,"19":0,"20":0,"21":0,"24":0,"25":0,"28":0,"29":0,"30":0,"31":0,"32":0,"34":0,"39":1,"40":0,"41":0,"42":0,"56":1,"57":0,"69":1,"70":0,"71":0,"72":0,"73":0,"74":0,"76":0,"89":1,"90":0,"102":1,"103":0,"104":0,"106":0,"107":0,"109":0,"111":0,"113":0,"114":0,"116":0,"117":0,"119":0,"131":1,"132":0,"133":0,"134":0,"135":0,"137":0,"138":0,"139":0,"149":1}},"/home/travis/build/npmtest/node-npmtest-copy/node_modules/copy/lib/once.js":{"path":"/home/travis/build/npmtest/node-npmtest-copy/node_modules/copy/lib/once.js","s":{"1":1,"2":0,"3":0,"4":0,"5":0,"6":0,"7":0,"8":0,"9":0},"b":{"1":[0,0],"2":[0,0]},"f":{"1":0,"2":0},"fnMap":{"1":{"name":"(anonymous_1)","line":8,"loc":{"start":{"line":8,"column":17},"end":{"line":8,"column":30}}},"2":{"name":"(anonymous_2)","line":13,"loc":{"start":{"line":13,"column":9},"end":{"line":13,"column":20}}}},"statementMap":{"1":{"start":{"line":8,"column":0},"end":{"line":20,"column":2}},"2":{"start":{"line":9,"column":2},"end":{"line":11,"column":3}},"3":{"start":{"line":10,"column":4},"end":{"line":10,"column":56}},"4":{"start":{"line":12,"column":2},"end":{"line":12,"column":13}},"5":{"start":{"line":13,"column":2},"end":{"line":19,"column":4}},"6":{"start":{"line":14,"column":4},"end":{"line":17,"column":5}},"7":{"start":{"line":15,"column":6},"end":{"line":15,"column":23}},"8":{"start":{"line":16,"column":6},"end":{"line":16,"column":41}},"9":{"start":{"line":18,"column":4},"end":{"line":18,"column":18}}},"branchMap":{"1":{"line":9,"type":"if","locations":[{"start":{"line":9,"column":2},"end":{"line":9,"column":2}},{"start":{"line":9,"column":2},"end":{"line":9,"column":2}}]},"2":{"line":14,"type":"if","locations":[{"start":{"line":14,"column":4},"end":{"line":14,"column":4}},{"start":{"line":14,"column":4},"end":{"line":14,"column":4}}]}},"code":["'use strict';","","/**"," * Ensure that the given function is only called once."," * @param {Function} fn"," */","","module.exports = function(fn) {","  if (typeof fn !== 'function') {","    throw new TypeError('expected fn to be a function');","  }","  var result;","  return function() {","    if (!fn.called) {","      fn.called = true;","      result = fn.apply(this, arguments);","    }","    return result;","  };","};",""],"l":{"8":1,"9":0,"10":0,"12":0,"13":0,"14":0,"15":0,"16":0,"18":0}},"/home/travis/build/npmtest/node-npmtest-copy/node_modules/copy/bin/cli.js":{"path":"/home/travis/build/npmtest/node-npmtest-copy/node_modules/copy/bin/cli.js","s":{"1":1,"2":1,"3":1,"4":1,"5":1,"6":1,"7":1,"8":0,"9":0,"10":0,"11":0,"12":0,"13":0,"14":0},"b":{"1":[1,0],"2":[1,1],"3":[0,0]},"f":{"1":0,"2":0},"fnMap":{"1":{"name":"(anonymous_1)","line":12,"loc":{"start":{"line":12,"column":22},"end":{"line":12,"column":43}}},"2":{"name":"(anonymous_2)","line":18,"loc":{"start":{"line":18,"column":18},"end":{"line":18,"column":33}}}},"statementMap":{"1":{"start":{"line":3,"column":0},"end":{"line":3,"column":25}},"2":{"start":{"line":4,"column":0},"end":{"line":4,"column":28}},"3":{"start":{"line":5,"column":0},"end":{"line":5,"column":33}},"4":{"start":{"line":6,"column":0},"end":{"line":6,"column":21}},"5":{"start":{"line":7,"column":0},"end":{"line":7,"column":20}},"6":{"start":{"line":9,"column":0},"end":{"line":23,"column":1}},"7":{"start":{"line":10,"column":2},"end":{"line":10,"column":46}},"8":{"start":{"line":12,"column":2},"end":{"line":22,"column":5}},"9":{"start":{"line":13,"column":4},"end":{"line":16,"column":5}},"10":{"start":{"line":14,"column":6},"end":{"line":14,"column":25}},"11":{"start":{"line":15,"column":6},"end":{"line":15,"column":22}},"12":{"start":{"line":18,"column":4},"end":{"line":20,"column":7}},"13":{"start":{"line":19,"column":6},"end":{"line":19,"column":25}},"14":{"start":{"line":21,"column":4},"end":{"line":21,"column":20}}},"branchMap":{"1":{"line":9,"type":"if","locations":[{"start":{"line":9,"column":0},"end":{"line":9,"column":0}},{"start":{"line":9,"column":0},"end":{"line":9,"column":0}}]},"2":{"line":9,"type":"binary-expr","locations":[{"start":{"line":9,"column":4},"end":{"line":9,"column":13}},{"start":{"line":9,"column":17},"end":{"line":9,"column":21}}]},"3":{"line":13,"type":"if","locations":[{"start":{"line":13,"column":4},"end":{"line":13,"column":4}},{"start":{"line":13,"column":4},"end":{"line":13,"column":4}}]}},"code":["//#!/usr/bin/env node","","var copy = require('..');","var log = require('log-ok');","var argv = process.argv.slice(2);","var dir = argv.pop();","var patterns = argv;","","if (!patterns || !dir) {","  console.log('Usage: copy <patterns> <dir>');","} else {","  copy(patterns, dir, function(err, files) {","    if (err) {","      console.error(err);","      process.exit(1);","    }","","    files.forEach(function(file) {","      log(file.relative);","    });","    process.exit(0);","  });","}",""],"l":{"3":1,"4":1,"5":1,"6":1,"7":1,"9":1,"10":1,"12":0,"13":0,"14":0,"15":0,"18":0,"19":0,"21":0}},"/home/travis/build/npmtest/node-npmtest-copy/node_modules/copy/lib/recurse.js":{"path":"/home/travis/build/npmtest/node-npmtest-copy/node_modules/copy/lib/recurse.js","s":{"1":1,"2":1,"3":1,"4":0,"5":1,"6":0,"7":0,"8":0,"9":0,"10":0,"11":0,"12":0,"13":0,"14":0,"15":0,"16":0,"17":0,"18":0,"19":0,"20":0,"21":0,"22":0,"23":0,"24":0,"25":0,"26":0,"27":0,"28":0,"29":0,"30":0,"31":1,"32":0,"33":1,"34":0,"35":0,"36":0,"37":0,"38":0,"39":0,"40":0,"41":0,"42":0,"43":1,"44":0,"45":0,"46":0,"47":0,"48":0,"49":0,"50":0,"51":0,"52":0,"53":1},"b":{"1":[0,0],"2":[0,0],"3":[0,0],"4":[0,0],"5":[0,0],"6":[0,0],"7":[0,0],"8":[0,0],"9":[0,0],"10":[0,0],"11":[0,0]},"f":{"1":0,"2":0,"3":0,"4":0,"5":0,"6":0,"7":0,"8":0,"9":0,"10":0},"fnMap":{"1":{"name":"recurse","line":10,"loc":{"start":{"line":10,"column":0},"end":{"line":10,"column":32}}},"2":{"name":"lookup","line":13,"loc":{"start":{"line":13,"column":2},"end":{"line":13,"column":27}}},"3":{"name":"(anonymous_3)","line":16,"loc":{"start":{"line":16,"column":31},"end":{"line":16,"column":50}}},"4":{"name":"(anonymous_4)","line":34,"loc":{"start":{"line":34,"column":35},"end":{"line":34,"column":56}}},"5":{"name":"(anonymous_5)","line":41,"loc":{"start":{"line":41,"column":28},"end":{"line":41,"column":53}}},"6":{"name":"(anonymous_6)","line":51,"loc":{"start":{"line":51,"column":14},"end":{"line":51,"column":28}}},"7":{"name":"(anonymous_7)","line":64,"loc":{"start":{"line":64,"column":15},"end":{"line":64,"column":29}}},"8":{"name":"lookup","line":67,"loc":{"start":{"line":67,"column":2},"end":{"line":67,"column":23}}},"9":{"name":"(anonymous_9)","line":88,"loc":{"start":{"line":88,"column":18},"end":{"line":88,"column":39}}},"10":{"name":"(anonymous_10)","line":93,"loc":{"start":{"line":93,"column":12},"end":{"line":93,"column":36}}}},"statementMap":{"1":{"start":{"line":3,"column":0},"end":{"line":3,"column":27}},"2":{"start":{"line":4,"column":0},"end":{"line":4,"column":31}},"3":{"start":{"line":10,"column":0},"end":{"line":58,"column":1}},"4":{"start":{"line":11,"column":2},"end":{"line":11,"column":15}},"5":{"start":{"line":13,"column":2},"end":{"line":49,"column":3}},"6":{"start":{"line":14,"column":4},"end":{"line":14,"column":39}},"7":{"start":{"line":16,"column":4},"end":{"line":48,"column":7}},"8":{"start":{"line":17,"column":6},"end":{"line":20,"column":7}},"9":{"start":{"line":18,"column":8},"end":{"line":18,"column":16}},"10":{"start":{"line":19,"column":8},"end":{"line":19,"column":15}},"11":{"start":{"line":22,"column":6},"end":{"line":22,"column":20}},"12":{"start":{"line":24,"column":6},"end":{"line":47,"column":7}},"13":{"start":{"line":27,"column":8},"end":{"line":32,"column":9}},"14":{"start":{"line":28,"column":10},"end":{"line":28,"column":41}},"15":{"start":{"line":30,"column":10},"end":{"line":30,"column":18}},"16":{"start":{"line":31,"column":10},"end":{"line":31,"column":17}},"17":{"start":{"line":33,"column":13},"end":{"line":47,"column":7}},"18":{"start":{"line":34,"column":8},"end":{"line":44,"column":11}},"19":{"start":{"line":35,"column":10},"end":{"line":38,"column":11}},"20":{"start":{"line":36,"column":12},"end":{"line":36,"column":20}},"21":{"start":{"line":37,"column":12},"end":{"line":37,"column":19}},"22":{"start":{"line":40,"column":10},"end":{"line":40,"column":28}},"23":{"start":{"line":41,"column":10},"end":{"line":43,"column":17}},"24":{"start":{"line":42,"column":12},"end":{"line":42,"column":51}},"25":{"start":{"line":46,"column":8},"end":{"line":46,"column":13}},"26":{"start":{"line":51,"column":2},"end":{"line":57,"column":5}},"27":{"start":{"line":52,"column":4},"end":{"line":55,"column":5}},"28":{"start":{"line":53,"column":6},"end":{"line":53,"column":20}},"29":{"start":{"line":54,"column":6},"end":{"line":54,"column":13}},"30":{"start":{"line":56,"column":4},"end":{"line":56,"column":24}},"31":{"start":{"line":64,"column":0},"end":{"line":82,"column":2}},"32":{"start":{"line":65,"column":2},"end":{"line":65,"column":17}},"33":{"start":{"line":67,"column":2},"end":{"line":79,"column":3}},"34":{"start":{"line":68,"column":4},"end":{"line":68,"column":39}},"35":{"start":{"line":70,"column":4},"end":{"line":70,"column":30}},"36":{"start":{"line":71,"column":4},"end":{"line":71,"column":21}},"37":{"start":{"line":73,"column":4},"end":{"line":78,"column":5}},"38":{"start":{"line":74,"column":6},"end":{"line":74,"column":51}},"39":{"start":{"line":75,"column":6},"end":{"line":77,"column":7}},"40":{"start":{"line":76,"column":8},"end":{"line":76,"column":46}},"41":{"start":{"line":80,"column":2},"end":{"line":80,"column":14}},"42":{"start":{"line":81,"column":2},"end":{"line":81,"column":15}},"43":{"start":{"line":88,"column":0},"end":{"line":103,"column":2}},"44":{"start":{"line":89,"column":2},"end":{"line":89,"column":22}},"45":{"start":{"line":91,"column":2},"end":{"line":91,"column":58}},"46":{"start":{"line":92,"column":2},"end":{"line":102,"column":14}},"47":{"start":{"line":94,"column":6},"end":{"line":94,"column":46}},"48":{"start":{"line":95,"column":6},"end":{"line":95,"column":45}},"49":{"start":{"line":96,"column":6},"end":{"line":96,"column":32}},"50":{"start":{"line":98,"column":6},"end":{"line":100,"column":7}},"51":{"start":{"line":99,"column":8},"end":{"line":99,"column":47}},"52":{"start":{"line":101,"column":6},"end":{"line":101,"column":30}},"53":{"start":{"line":109,"column":0},"end":{"line":109,"column":25}}},"branchMap":{"1":{"line":17,"type":"if","locations":[{"start":{"line":17,"column":6},"end":{"line":17,"column":6}},{"start":{"line":17,"column":6},"end":{"line":17,"column":6}}]},"2":{"line":24,"type":"if","locations":[{"start":{"line":24,"column":6},"end":{"line":24,"column":6}},{"start":{"line":24,"column":6},"end":{"line":24,"column":6}}]},"3":{"line":33,"type":"if","locations":[{"start":{"line":33,"column":13},"end":{"line":33,"column":13}},{"start":{"line":33,"column":13},"end":{"line":33,"column":13}}]},"4":{"line":33,"type":"binary-expr","locations":[{"start":{"line":33,"column":17},"end":{"line":33,"column":25}},{"start":{"line":33,"column":29},"end":{"line":33,"column":51}}]},"5":{"line":35,"type":"if","locations":[{"start":{"line":35,"column":10},"end":{"line":35,"column":10}},{"start":{"line":35,"column":10},"end":{"line":35,"column":10}}]},"6":{"line":52,"type":"if","locations":[{"start":{"line":52,"column":4},"end":{"line":52,"column":4}},{"start":{"line":52,"column":4},"end":{"line":52,"column":4}}]},"7":{"line":73,"type":"if","locations":[{"start":{"line":73,"column":4},"end":{"line":73,"column":4}},{"start":{"line":73,"column":4},"end":{"line":73,"column":4}}]},"8":{"line":73,"type":"binary-expr","locations":[{"start":{"line":73,"column":8},"end":{"line":73,"column":17}},{"start":{"line":73,"column":21},"end":{"line":73,"column":44}}]},"9":{"line":89,"type":"binary-expr","locations":[{"start":{"line":89,"column":10},"end":{"line":89,"column":15}},{"start":{"line":89,"column":19},"end":{"line":89,"column":21}}]},"10":{"line":98,"type":"if","locations":[{"start":{"line":98,"column":6},"end":{"line":98,"column":6}},{"start":{"line":98,"column":6},"end":{"line":98,"column":6}}]},"11":{"line":98,"type":"binary-expr","locations":[{"start":{"line":98,"column":10},"end":{"line":98,"column":19}},{"start":{"line":98,"column":23},"end":{"line":98,"column":46}}]}},"code":["'use strict';","","var path = require('path');","var utils = require('./utils');","","/**"," * async"," */","","function recurse(cwd, callback) {","  var arr = [];","","  function lookup(dir, cb) {","    var file = { path: dir, cwd: dir };","","    utils.contents.async(file, function(err, res) {","      if (err) {","        cb(err);","        return;","      }","","      arr.push(res);","","      if (res.stat === null) {","        // temporary. errors are currently silenced in file-stat,","        // once that's updated we'll remove this","        try {","          utils.fs.readdirSync(res.path);","        } catch (err) {","          cb(err);","          return;","        }","      } else if (res.stat && res.stat.isDirectory()) {","        utils.fs.readdir(res.path, function(err, files) {","          if (err) {","            cb(err);","            return;","          }","","          res.files = files;","          utils.each(files, function(filename, next) {","            lookup(path.join(dir, filename), next);","          }, cb);","        });","      } else {","        cb();","      }","    });","  }","","  lookup(cwd, function(err) {","    if (err) {","      callback(err);","      return;","    }","    callback(null, arr);","  });","}","","/**"," * sync"," */","","recurse.sync = function(cwd) {","  var files = [];","","  function lookup(dir) {","    var file = { path: dir, cwd: dir };","","    utils.contents.sync(file);","    files.push(file);","","    if (file.stat && file.stat.isDirectory()) {","      file.files = utils.fs.readdirSync(file.path);","      for (var i = 0; i < file.files.length; i++) {","        lookup(path.join(dir, file.files[i]));","      }","    }","  }","  lookup(cwd);","  return files;","};","","/**"," * promise"," */","","recurse.promise = function(dir, files) {","  files = files || [];","","  var readdir = utils.Promise.promisify(utils.fs.readdir);","  return readdir(dir)","    .reduce(function(acc, filename) {","      var filepath = path.join(dir, filename);","      var file = { path: filepath, cwd: dir};","      utils.contents.sync(file);","","      if (file.stat && file.stat.isDirectory()) {","        return recurse.promise(file.path, acc);","      }","      return acc.concat(file);","    }, files);","};","","/**"," * Expose `recurse`"," */","","module.exports = recurse;",""],"l":{"3":1,"4":1,"10":1,"11":0,"13":1,"14":0,"16":0,"17":0,"18":0,"19":0,"22":0,"24":0,"27":0,"28":0,"30":0,"31":0,"33":0,"34":0,"35":0,"36":0,"37":0,"40":0,"41":0,"42":0,"46":0,"51":0,"52":0,"53":0,"54":0,"56":0,"64":1,"65":0,"67":1,"68":0,"70":0,"71":0,"73":0,"74":0,"75":0,"76":0,"80":0,"81":0,"88":1,"89":0,"91":0,"92":0,"94":0,"95":0,"96":0,"98":0,"99":0,"101":0,"109":1}}}